[ 2017-07-12T19:55:11+08:00 ] 127.0.0.1 /Admin/Login
INFO: [ app_init ] --START--
INFO: Run Behavior\BuildLiteBehavior [ RunTime:0.000011s ]
INFO: [ app_init ] --END-- [ RunTime:0.000308s ]
INFO: [ app_begin ] --START--
INFO: Run Behavior\ReadHtmlCacheBehavior [ RunTime:0.000902s ]
INFO: [ app_begin ] --END-- [ RunTime:0.000986s ]
INFO: [ view_parse ] --START--
INFO: [ template_filter ] --START--
INFO: Run Behavior\ContentReplaceBehavior [ RunTime:0.000605s ]
INFO: [ template_filter ] --END-- [ RunTime:0.000649s ]
INFO: Run Behavior\ParseTemplateBehavior [ RunTime:0.008259s ]
INFO: [ view_parse ] --END-- [ RunTime:0.008298s ]
INFO: [ view_filter ] --START--
INFO: Run Behavior\WriteHtmlCacheBehavior [ RunTime:0.000407s ]
INFO: [ view_filter ] --END-- [ RunTime:0.000433s ]
INFO: [ app_end ] --START--
INFO: Run Behavior\ShowPageTraceBehavior [ RunTime:0.000568s ]
INFO: [ app_end ] --END-- [ RunTime:0.000596s ]

[ 2017-07-12T19:55:16+08:00 ] 127.0.0.1 /index.php/Admin/Login/index/do/chk.html
INFO: [ app_init ] --START--
INFO: Run Behavior\BuildLiteBehavior [ RunTime:0.000009s ]
INFO: [ app_init ] --END-- [ RunTime:0.000278s ]
INFO: [ app_begin ] --START--
INFO: Run Behavior\ReadHtmlCacheBehavior [ RunTime:0.000514s ]
INFO: [ app_begin ] --END-- [ RunTime:0.000549s ]
SQL: SHOW COLUMNS FROM `admin` [ RunTime:0.0156s ]
SQL: SELECT * FROM `admin` WHERE `auser` = '123' AND `apass` = '123' LIMIT 1   [ RunTime:0.0003s ]
INFO: [ view_parse ] --START--
INFO: [ template_filter ] --START--
INFO: Run Behavior\ContentReplaceBehavior [ RunTime:0.000031s ]
INFO: [ template_filter ] --END-- [ RunTime:0.000068s ]
INFO: Run Behavior\ParseTemplateBehavior [ RunTime:0.039558s ]
INFO: [ view_parse ] --END-- [ RunTime:0.039638s ]
INFO: [ view_filter ] --START--
INFO: Run Behavior\WriteHtmlCacheBehavior [ RunTime:0.000332s ]
INFO: [ view_filter ] --END-- [ RunTime:0.000357s ]

[ 2017-07-12T19:55:17+08:00 ] 127.0.0.1 /Admin/Index/index
INFO: [ app_init ] --START--
INFO: Run Behavior\BuildLiteBehavior [ RunTime:0.000008s ]
INFO: [ app_init ] --END-- [ RunTime:0.000264s ]
INFO: [ app_begin ] --START--
INFO: Run Behavior\ReadHtmlCacheBehavior [ RunTime:0.000434s ]
INFO: [ app_begin ] --END-- [ RunTime:0.000465s ]
SQL: SHOW COLUMNS FROM `admin` [ RunTime:0.0102s ]
SQL: SELECT * FROM `admin` WHERE `aid` = 1 LIMIT 1   [ RunTime:0.0003s ]
INFO: [ view_parse ] --START--
INFO: [ template_filter ] --START--
INFO: Run Behavior\ContentReplaceBehavior [ RunTime:0.000027s ]
INFO: [ template_filter ] --END-- [ RunTime:0.000069s ]
NOTIC: [8] Undefined variable: session C:\web-php\tpblog\Application\Admin\View\nav.php 第 26 行.
INFO: Run Behavior\ParseTemplateBehavior [ RunTime:0.014242s ]
INFO: [ view_parse ] --END-- [ RunTime:0.014278s ]
INFO: [ view_filter ] --START--
INFO: Run Behavior\WriteHtmlCacheBehavior [ RunTime:0.000312s ]
INFO: [ view_filter ] --END-- [ RunTime:0.000339s ]
INFO: [ app_end ] --START--
INFO: Run Behavior\ShowPageTraceBehavior [ RunTime:0.000672s ]
INFO: [ app_end ] --END-- [ RunTime:0.000715s ]

[ 2017-07-12T19:55:18+08:00 ] 127.0.0.1 /index.php/Admin/Blog/index.html
INFO: [ app_init ] --START--
INFO: Run Behavior\BuildLiteBehavior [ RunTime:0.000008s ]
INFO: [ app_init ] --END-- [ RunTime:0.000270s ]
INFO: [ app_begin ] --START--
INFO: Run Behavior\ReadHtmlCacheBehavior [ RunTime:0.000431s ]
INFO: [ app_begin ] --END-- [ RunTime:0.000464s ]
SQL: SHOW COLUMNS FROM `admin` [ RunTime:0.0101s ]
SQL: SELECT * FROM `admin` WHERE `aid` = 1 LIMIT 1   [ RunTime:0.0004s ]
SQL: SHOW COLUMNS FROM `setting` [ RunTime:0.0045s ]
SQL: SELECT * FROM `setting`  [ RunTime:0.0003s ]
SQL: SHOW COLUMNS FROM `page` [ RunTime:0.0072s ]
SQL: SELECT COUNT(*) AS tp_count FROM `page` LIMIT 1   [ RunTime:0.0003s ]
SQL: SELECT * FROM `page` ORDER BY pid desc LIMIT 0,10   [ RunTime:0.0003s ]
INFO: [ view_parse ] --START--
INFO: [ template_filter ] --START--
INFO: Run Behavior\ContentReplaceBehavior [ RunTime:0.000030s ]
INFO: [ template_filter ] --END-- [ RunTime:0.000129s ]
NOTIC: [8] Undefined variable: session C:\web-php\tpblog\Application\Admin\View\nav.php 第 26 行.
INFO: Run Behavior\ParseTemplateBehavior [ RunTime:0.015640s ]
INFO: [ view_parse ] --END-- [ RunTime:0.015674s ]
INFO: [ view_filter ] --START--
INFO: Run Behavior\WriteHtmlCacheBehavior [ RunTime:0.000314s ]
INFO: [ view_filter ] --END-- [ RunTime:0.000339s ]
INFO: [ app_end ] --START--
INFO: Run Behavior\ShowPageTraceBehavior [ RunTime:0.000456s ]
INFO: [ app_end ] --END-- [ RunTime:0.000481s ]

[ 2017-07-12T19:55:33+08:00 ] 127.0.0.1 /index.php/Admin/Blog/index/p/2.html
INFO: [ app_init ] --START--
INFO: Run Behavior\BuildLiteBehavior [ RunTime:0.000008s ]
INFO: [ app_init ] --END-- [ RunTime:0.000271s ]
INFO: [ app_begin ] --START--
INFO: Run Behavior\ReadHtmlCacheBehavior [ RunTime:0.000444s ]
INFO: [ app_begin ] --END-- [ RunTime:0.000479s ]
SQL: SHOW COLUMNS FROM `admin` [ RunTime:0.0107s ]
SQL: SELECT * FROM `admin` WHERE `aid` = 1 LIMIT 1   [ RunTime:0.0003s ]
SQL: SHOW COLUMNS FROM `setting` [ RunTime:0.0044s ]
SQL: SELECT * FROM `setting`  [ RunTime:0.0003s ]
SQL: SHOW COLUMNS FROM `page` [ RunTime:0.0074s ]
SQL: SELECT COUNT(*) AS tp_count FROM `page` LIMIT 1   [ RunTime:0.0003s ]
SQL: SELECT * FROM `page` ORDER BY pid desc LIMIT 10,10   [ RunTime:0.0009s ]
INFO: [ view_parse ] --START--
INFO: [ template_filter ] --START--
INFO: Run Behavior\ContentReplaceBehavior [ RunTime:0.000043s ]
INFO: [ template_filter ] --END-- [ RunTime:0.000083s ]
NOTIC: [8] Undefined variable: session C:\web-php\tpblog\Application\Admin\View\nav.php 第 26 行.
INFO: Run Behavior\ParseTemplateBehavior [ RunTime:0.005335s ]
INFO: [ view_parse ] --END-- [ RunTime:0.005373s ]
INFO: [ view_filter ] --START--
INFO: Run Behavior\WriteHtmlCacheBehavior [ RunTime:0.000501s ]
INFO: [ view_filter ] --END-- [ RunTime:0.000527s ]
INFO: [ app_end ] --START--
INFO: Run Behavior\ShowPageTraceBehavior [ RunTime:0.000531s ]
INFO: [ app_end ] --END-- [ RunTime:0.000563s ]

[ 2017-07-12T19:55:34+08:00 ] 127.0.0.1 /index.php/Admin/Blog/index/p/1.html
INFO: [ app_init ] --START--
INFO: Run Behavior\BuildLiteBehavior [ RunTime:0.000007s ]
INFO: [ app_init ] --END-- [ RunTime:0.000264s ]
INFO: [ app_begin ] --START--
INFO: Run Behavior\ReadHtmlCacheBehavior [ RunTime:0.000435s ]
INFO: [ app_begin ] --END-- [ RunTime:0.000466s ]
SQL: SHOW COLUMNS FROM `admin` [ RunTime:0.0113s ]
SQL: SELECT * FROM `admin` WHERE `aid` = 1 LIMIT 1   [ RunTime:0.0004s ]
SQL: SHOW COLUMNS FROM `setting` [ RunTime:0.0042s ]
SQL: SELECT * FROM `setting`  [ RunTime:0.0003s ]
SQL: SHOW COLUMNS FROM `page` [ RunTime:0.0074s ]
SQL: SELECT COUNT(*) AS tp_count FROM `page` LIMIT 1   [ RunTime:0.0003s ]
SQL: SELECT * FROM `page` ORDER BY pid desc LIMIT 0,10   [ RunTime:0.0003s ]
INFO: [ view_parse ] --START--
INFO: [ template_filter ] --START--
INFO: Run Behavior\ContentReplaceBehavior [ RunTime:0.000029s ]
INFO: [ template_filter ] --END-- [ RunTime:0.000061s ]
NOTIC: [8] Undefined variable: session C:\web-php\tpblog\Application\Admin\View\nav.php 第 26 行.
INFO: Run Behavior\ParseTemplateBehavior [ RunTime:0.005323s ]
INFO: [ view_parse ] --END-- [ RunTime:0.005396s ]
INFO: [ view_filter ] --START--
INFO: Run Behavior\WriteHtmlCacheBehavior [ RunTime:0.000323s ]
INFO: [ view_filter ] --END-- [ RunTime:0.000350s ]
INFO: [ app_end ] --START--
INFO: Run Behavior\ShowPageTraceBehavior [ RunTime:0.000811s ]
INFO: [ app_end ] --END-- [ RunTime:0.000871s ]

[ 2017-07-12T19:55:34+08:00 ] 127.0.0.1 /index.php/Admin/Blog/index/p/4.html
INFO: [ app_init ] --START--
INFO: Run Behavior\BuildLiteBehavior [ RunTime:0.000007s ]
INFO: [ app_init ] --END-- [ RunTime:0.000263s ]
INFO: [ app_begin ] --START--
INFO: Run Behavior\ReadHtmlCacheBehavior [ RunTime:0.000435s ]
INFO: [ app_begin ] --END-- [ RunTime:0.000466s ]
SQL: SHOW COLUMNS FROM `admin` [ RunTime:0.0047s ]
SQL: SELECT * FROM `admin` WHERE `aid` = 1 LIMIT 1   [ RunTime:0.0003s ]
SQL: SHOW COLUMNS FROM `setting` [ RunTime:0.0051s ]
SQL: SELECT * FROM `setting`  [ RunTime:0.0003s ]
SQL: SHOW COLUMNS FROM `page` [ RunTime:0.0040s ]
SQL: SELECT COUNT(*) AS tp_count FROM `page` LIMIT 1   [ RunTime:0.0003s ]
SQL: SELECT * FROM `page` ORDER BY pid desc LIMIT 30,10   [ RunTime:0.0004s ]
INFO: [ view_parse ] --START--
INFO: [ template_filter ] --START--
INFO: Run Behavior\ContentReplaceBehavior [ RunTime:0.000030s ]
INFO: [ template_filter ] --END-- [ RunTime:0.000068s ]
NOTIC: [8] Undefined variable: session C:\web-php\tpblog\Application\Admin\View\nav.php 第 26 行.
INFO: Run Behavior\ParseTemplateBehavior [ RunTime:0.006916s ]
INFO: [ view_parse ] --END-- [ RunTime:0.006950s ]
INFO: [ view_filter ] --START--
INFO: Run Behavior\WriteHtmlCacheBehavior [ RunTime:0.000321s ]
INFO: [ view_filter ] --END-- [ RunTime:0.000347s ]
INFO: [ app_end ] --START--
INFO: Run Behavior\ShowPageTraceBehavior [ RunTime:0.000462s ]
INFO: [ app_end ] --END-- [ RunTime:0.000490s ]

[ 2017-07-12T19:55:35+08:00 ] 127.0.0.1 /index.php/Admin/Blog/index/p/3.html
INFO: [ app_init ] --START--
INFO: Run Behavior\BuildLiteBehavior [ RunTime:0.000010s ]
INFO: [ app_init ] --END-- [ RunTime:0.000563s ]
INFO: [ app_begin ] --START--
INFO: Run Behavior\ReadHtmlCacheBehavior [ RunTime:0.000773s ]
INFO: [ app_begin ] --END-- [ RunTime:0.000862s ]
SQL: SHOW COLUMNS FROM `admin` [ RunTime:0.0092s ]
SQL: SELECT * FROM `admin` WHERE `aid` = 1 LIMIT 1   [ RunTime:0.0004s ]
SQL: SHOW COLUMNS FROM `setting` [ RunTime:0.0045s ]
SQL: SELECT * FROM `setting`  [ RunTime:0.0003s ]
SQL: SHOW COLUMNS FROM `page` [ RunTime:0.0083s ]
SQL: SELECT COUNT(*) AS tp_count FROM `page` LIMIT 1   [ RunTime:0.0003s ]
SQL: SELECT * FROM `page` ORDER BY pid desc LIMIT 20,10   [ RunTime:0.0004s ]
INFO: [ view_parse ] --START--
INFO: [ template_filter ] --START--
INFO: Run Behavior\ContentReplaceBehavior [ RunTime:0.000028s ]
INFO: [ template_filter ] --END-- [ RunTime:0.000059s ]
NOTIC: [8] Undefined variable: session C:\web-php\tpblog\Application\Admin\View\nav.php 第 26 行.
INFO: Run Behavior\ParseTemplateBehavior [ RunTime:0.005851s ]
INFO: [ view_parse ] --END-- [ RunTime:0.005890s ]
INFO: [ view_filter ] --START--
INFO: Run Behavior\WriteHtmlCacheBehavior [ RunTime:0.000445s ]
INFO: [ view_filter ] --END-- [ RunTime:0.000472s ]
INFO: [ app_end ] --START--
INFO: Run Behavior\ShowPageTraceBehavior [ RunTime:0.000464s ]
INFO: [ app_end ] --END-- [ RunTime:0.000491s ]

[ 2017-07-12T19:55:35+08:00 ] 127.0.0.1 /index.php/Admin/Blog/index/p/4.html
INFO: [ app_init ] --START--
INFO: Run Behavior\BuildLiteBehavior [ RunTime:0.000008s ]
INFO: [ app_init ] --END-- [ RunTime:0.000320s ]
INFO: [ app_begin ] --START--
INFO: Run Behavior\ReadHtmlCacheBehavior [ RunTime:0.000575s ]
INFO: [ app_begin ] --END-- [ RunTime:0.000627s ]
SQL: SHOW COLUMNS FROM `admin` [ RunTime:0.0047s ]
SQL: SELECT * FROM `admin` WHERE `aid` = 1 LIMIT 1   [ RunTime:0.0004s ]
SQL: SHOW COLUMNS FROM `setting` [ RunTime:0.0048s ]
SQL: SELECT * FROM `setting`  [ RunTime:0.0003s ]
SQL: SHOW COLUMNS FROM `page` [ RunTime:0.0040s ]
SQL: SELECT COUNT(*) AS tp_count FROM `page` LIMIT 1   [ RunTime:0.0002s ]
SQL: SELECT * FROM `page` ORDER BY pid desc LIMIT 30,10   [ RunTime:0.0003s ]
INFO: [ view_parse ] --START--
INFO: [ template_filter ] --START--
INFO: Run Behavior\ContentReplaceBehavior [ RunTime:0.000030s ]
INFO: [ template_filter ] --END-- [ RunTime:0.000072s ]
NOTIC: [8] Undefined variable: session C:\web-php\tpblog\Application\Admin\View\nav.php 第 26 行.
INFO: Run Behavior\ParseTemplateBehavior [ RunTime:0.006183s ]
INFO: [ view_parse ] --END-- [ RunTime:0.006221s ]
INFO: [ view_filter ] --START--
INFO: Run Behavior\WriteHtmlCacheBehavior [ RunTime:0.000313s ]
INFO: [ view_filter ] --END-- [ RunTime:0.000339s ]
INFO: [ app_end ] --START--
INFO: Run Behavior\ShowPageTraceBehavior [ RunTime:0.000451s ]
INFO: [ app_end ] --END-- [ RunTime:0.000478s ]

