[ 2017-07-05T20:37:06+08:00 ] 127.0.0.1 /Admin/Login
INFO: [ app_init ] --START--
INFO: Run Behavior\BuildLiteBehavior [ RunTime:0.000015s ]
INFO: [ app_init ] --END-- [ RunTime:0.000628s ]
INFO: [ app_begin ] --START--
INFO: Run Behavior\ReadHtmlCacheBehavior [ RunTime:0.001569s ]
INFO: [ app_begin ] --END-- [ RunTime:0.001692s ]
INFO: [ view_parse ] --START--
INFO: [ template_filter ] --START--
INFO: Run Behavior\ContentReplaceBehavior [ RunTime:0.000895s ]
INFO: [ template_filter ] --END-- [ RunTime:0.001211s ]
INFO: Run Behavior\ParseTemplateBehavior [ RunTime:0.033154s ]
INFO: [ view_parse ] --END-- [ RunTime:0.033246s ]
INFO: [ view_filter ] --START--
INFO: Run Behavior\WriteHtmlCacheBehavior [ RunTime:0.000658s ]
INFO: [ view_filter ] --END-- [ RunTime:0.000689s ]
INFO: [ app_end ] --START--
INFO: Run Behavior\ShowPageTraceBehavior [ RunTime:0.001458s ]
INFO: [ app_end ] --END-- [ RunTime:0.001556s ]

[ 2017-07-05T20:37:11+08:00 ] 127.0.0.1 /index.php/Admin/Login/index/do/chk.html
INFO: [ app_init ] --START--
INFO: Run Behavior\BuildLiteBehavior [ RunTime:0.000024s ]
INFO: [ app_init ] --END-- [ RunTime:0.000585s ]
INFO: [ app_begin ] --START--
INFO: Run Behavior\ReadHtmlCacheBehavior [ RunTime:0.001109s ]
INFO: [ app_begin ] --END-- [ RunTime:0.001261s ]
SQL: SHOW COLUMNS FROM `admin` [ RunTime:0.0219s ]
SQL: SELECT * FROM `admin` WHERE `auser` = '123' AND `apass` = '123' LIMIT 1   [ RunTime:0.0055s ]
INFO: [ view_parse ] --START--
INFO: [ template_filter ] --START--
INFO: Run Behavior\ContentReplaceBehavior [ RunTime:0.000083s ]
INFO: [ template_filter ] --END-- [ RunTime:0.000241s ]
INFO: Run Behavior\ParseTemplateBehavior [ RunTime:0.041530s ]
INFO: [ view_parse ] --END-- [ RunTime:0.041679s ]
INFO: [ view_filter ] --START--
INFO: Run Behavior\WriteHtmlCacheBehavior [ RunTime:0.000600s ]
INFO: [ view_filter ] --END-- [ RunTime:0.000647s ]

[ 2017-07-05T20:37:12+08:00 ] 127.0.0.1 /Admin/Index/index
INFO: [ app_init ] --START--
INFO: Run Behavior\BuildLiteBehavior [ RunTime:0.000028s ]
INFO: [ app_init ] --END-- [ RunTime:0.001061s ]
INFO: [ app_begin ] --START--
INFO: Run Behavior\ReadHtmlCacheBehavior [ RunTime:0.001184s ]
INFO: [ app_begin ] --END-- [ RunTime:0.001294s ]
SQL: SHOW COLUMNS FROM `admin` [ RunTime:0.0169s ]
SQL: SELECT * FROM `admin` WHERE `aid` = 1 LIMIT 1   [ RunTime:0.0013s ]
INFO: [ view_parse ] --START--
INFO: [ template_filter ] --START--
INFO: Run Behavior\ContentReplaceBehavior [ RunTime:0.000084s ]
INFO: [ template_filter ] --END-- [ RunTime:0.000231s ]
NOTIC: [8] Undefined variable: session C:\web-php\tpblog\Application\Admin\View\nav.php 第 26 行.
INFO: Run Behavior\ParseTemplateBehavior [ RunTime:0.034854s ]
INFO: [ view_parse ] --END-- [ RunTime:0.034913s ]
INFO: [ view_filter ] --START--
INFO: Run Behavior\WriteHtmlCacheBehavior [ RunTime:0.000885s ]
INFO: [ view_filter ] --END-- [ RunTime:0.000913s ]
INFO: [ app_end ] --START--
INFO: Run Behavior\ShowPageTraceBehavior [ RunTime:0.000557s ]
INFO: [ app_end ] --END-- [ RunTime:0.000584s ]

[ 2017-07-05T20:37:14+08:00 ] 127.0.0.1 /index.php/Admin/Blog/index.html
INFO: [ app_init ] --START--
INFO: Run Behavior\BuildLiteBehavior [ RunTime:0.000009s ]
INFO: [ app_init ] --END-- [ RunTime:0.000331s ]
INFO: [ app_begin ] --START--
INFO: Run Behavior\ReadHtmlCacheBehavior [ RunTime:0.000773s ]
INFO: [ app_begin ] --END-- [ RunTime:0.000827s ]
SQL: SHOW COLUMNS FROM `admin` [ RunTime:0.0154s ]
SQL: SELECT * FROM `admin` WHERE `aid` = 1 LIMIT 1   [ RunTime:0.0004s ]
SQL: SHOW COLUMNS FROM `setting` [ RunTime:0.0086s ]
SQL: SELECT * FROM `setting`  [ RunTime:0.0003s ]
SQL: SHOW COLUMNS FROM `page` [ RunTime:0.0068s ]
SQL: SELECT COUNT(*) AS tp_count FROM `page` LIMIT 1   [ RunTime:0.0003s ]
SQL: SELECT * FROM `page` ORDER BY pid desc LIMIT 0,10   [ RunTime:0.0007s ]
INFO: [ view_parse ] --START--
INFO: [ template_filter ] --START--
INFO: Run Behavior\ContentReplaceBehavior [ RunTime:0.000106s ]
INFO: [ template_filter ] --END-- [ RunTime:0.000206s ]
NOTIC: [8] Undefined variable: session C:\web-php\tpblog\Application\Admin\View\nav.php 第 26 行.
INFO: Run Behavior\ParseTemplateBehavior [ RunTime:0.044033s ]
INFO: [ view_parse ] --END-- [ RunTime:0.044147s ]
INFO: [ view_filter ] --START--
INFO: Run Behavior\WriteHtmlCacheBehavior [ RunTime:0.000471s ]
INFO: [ view_filter ] --END-- [ RunTime:0.000514s ]
INFO: [ app_end ] --START--
INFO: Run Behavior\ShowPageTraceBehavior [ RunTime:0.000453s ]
INFO: [ app_end ] --END-- [ RunTime:0.000479s ]

[ 2017-07-05T20:37:15+08:00 ] 127.0.0.1 /index.php/Admin/Auser/index.html
INFO: [ app_init ] --START--
INFO: Run Behavior\BuildLiteBehavior [ RunTime:0.000011s ]
INFO: [ app_init ] --END-- [ RunTime:0.000412s ]
INFO: [ app_begin ] --START--
INFO: Run Behavior\ReadHtmlCacheBehavior [ RunTime:0.000722s ]
INFO: [ app_begin ] --END-- [ RunTime:0.000784s ]
SQL: SHOW COLUMNS FROM `admin` [ RunTime:0.0180s ]
SQL: SELECT * FROM `admin` WHERE `aid` = 1 LIMIT 1   [ RunTime:0.0003s ]
SQL: SELECT * FROM `admin`  [ RunTime:0.0002s ]
INFO: [ view_parse ] --START--
INFO: [ template_filter ] --START--
INFO: Run Behavior\ContentReplaceBehavior [ RunTime:0.000030s ]
INFO: [ template_filter ] --END-- [ RunTime:0.000068s ]
NOTIC: [8] Undefined variable: session C:\web-php\tpblog\Application\Admin\View\nav.php 第 26 行.
INFO: Run Behavior\ParseTemplateBehavior [ RunTime:0.028616s ]
INFO: [ view_parse ] --END-- [ RunTime:0.028655s ]
INFO: [ view_filter ] --START--
INFO: Run Behavior\WriteHtmlCacheBehavior [ RunTime:0.000326s ]
INFO: [ view_filter ] --END-- [ RunTime:0.000352s ]
INFO: [ app_end ] --START--
INFO: Run Behavior\ShowPageTraceBehavior [ RunTime:0.000455s ]
INFO: [ app_end ] --END-- [ RunTime:0.000482s ]

[ 2017-07-05T20:37:16+08:00 ] 127.0.0.1 /index.php/Admin/Blog/index.html
INFO: [ app_init ] --START--
INFO: Run Behavior\BuildLiteBehavior [ RunTime:0.000009s ]
INFO: [ app_init ] --END-- [ RunTime:0.000301s ]
INFO: [ app_begin ] --START--
INFO: Run Behavior\ReadHtmlCacheBehavior [ RunTime:0.001221s ]
INFO: [ app_begin ] --END-- [ RunTime:0.001463s ]
SQL: SHOW COLUMNS FROM `admin` [ RunTime:0.0136s ]
SQL: SELECT * FROM `admin` WHERE `aid` = 1 LIMIT 1   [ RunTime:0.0002s ]
SQL: SHOW COLUMNS FROM `setting` [ RunTime:0.0061s ]
SQL: SELECT * FROM `setting`  [ RunTime:0.0013s ]
SQL: SHOW COLUMNS FROM `page` [ RunTime:0.0085s ]
SQL: SELECT COUNT(*) AS tp_count FROM `page` LIMIT 1   [ RunTime:0.0003s ]
SQL: SELECT * FROM `page` ORDER BY pid desc LIMIT 0,10   [ RunTime:0.0007s ]
INFO: [ view_parse ] --START--
INFO: [ template_filter ] --START--
INFO: Run Behavior\ContentReplaceBehavior [ RunTime:0.000074s ]
INFO: [ template_filter ] --END-- [ RunTime:0.000156s ]
NOTIC: [8] Undefined variable: session C:\web-php\tpblog\Application\Admin\View\nav.php 第 26 行.
INFO: Run Behavior\ParseTemplateBehavior [ RunTime:0.008231s ]
INFO: [ view_parse ] --END-- [ RunTime:0.008278s ]
INFO: [ view_filter ] --START--
INFO: Run Behavior\WriteHtmlCacheBehavior [ RunTime:0.000418s ]
INFO: [ view_filter ] --END-- [ RunTime:0.000459s ]
INFO: [ app_end ] --START--
INFO: Run Behavior\ShowPageTraceBehavior [ RunTime:0.000715s ]
INFO: [ app_end ] --END-- [ RunTime:0.000756s ]

[ 2017-07-05T20:37:16+08:00 ] 127.0.0.1 /index.php/Admin/Setting/index.html
INFO: [ app_init ] --START--
INFO: Run Behavior\BuildLiteBehavior [ RunTime:0.000009s ]
INFO: [ app_init ] --END-- [ RunTime:0.000281s ]
INFO: [ app_begin ] --START--
INFO: Run Behavior\ReadHtmlCacheBehavior [ RunTime:0.000514s ]
INFO: [ app_begin ] --END-- [ RunTime:0.000548s ]
SQL: SHOW COLUMNS FROM `admin` [ RunTime:0.0094s ]
SQL: SELECT * FROM `admin` WHERE `aid` = 1 LIMIT 1   [ RunTime:0.0013s ]
SQL: SHOW COLUMNS FROM `setting` [ RunTime:0.0064s ]
SQL: SELECT * FROM `setting`  [ RunTime:0.0004s ]
INFO: [ view_parse ] --START--
INFO: [ template_filter ] --START--
INFO: Run Behavior\ContentReplaceBehavior [ RunTime:0.000035s ]
INFO: [ template_filter ] --END-- [ RunTime:0.000080s ]
NOTIC: [8] Undefined variable: session C:\web-php\tpblog\Application\Admin\View\nav.php 第 26 行.
INFO: Run Behavior\ParseTemplateBehavior [ RunTime:0.034598s ]
INFO: [ view_parse ] --END-- [ RunTime:0.034704s ]
INFO: [ view_filter ] --START--
INFO: Run Behavior\WriteHtmlCacheBehavior [ RunTime:0.001355s ]
INFO: [ view_filter ] --END-- [ RunTime:0.001506s ]
INFO: [ app_end ] --START--
INFO: Run Behavior\ShowPageTraceBehavior [ RunTime:0.001589s ]
INFO: [ app_end ] --END-- [ RunTime:0.001686s ]

[ 2017-07-05T20:37:17+08:00 ] 127.0.0.1 /index.php/Admin/Blog/index.html
INFO: [ app_init ] --START--
INFO: Run Behavior\BuildLiteBehavior [ RunTime:0.000027s ]
INFO: [ app_init ] --END-- [ RunTime:0.000877s ]
INFO: [ app_begin ] --START--
INFO: Run Behavior\ReadHtmlCacheBehavior [ RunTime:0.001526s ]
INFO: [ app_begin ] --END-- [ RunTime:0.001697s ]
SQL: SHOW COLUMNS FROM `admin` [ RunTime:0.0188s ]
SQL: SELECT * FROM `admin` WHERE `aid` = 1 LIMIT 1   [ RunTime:0.0005s ]
SQL: SHOW COLUMNS FROM `setting` [ RunTime:0.0088s ]
SQL: SELECT * FROM `setting`  [ RunTime:0.0013s ]
SQL: SHOW COLUMNS FROM `page` [ RunTime:0.0169s ]
SQL: SELECT COUNT(*) AS tp_count FROM `page` LIMIT 1   [ RunTime:0.0011s ]
SQL: SELECT * FROM `page` ORDER BY pid desc LIMIT 0,10   [ RunTime:0.0015s ]
INFO: [ view_parse ] --START--
INFO: [ template_filter ] --START--
INFO: Run Behavior\ContentReplaceBehavior [ RunTime:0.000031s ]
INFO: [ template_filter ] --END-- [ RunTime:0.000067s ]
NOTIC: [8] Undefined variable: session C:\web-php\tpblog\Application\Admin\View\nav.php 第 26 行.
INFO: Run Behavior\ParseTemplateBehavior [ RunTime:0.007650s ]
INFO: [ view_parse ] --END-- [ RunTime:0.007857s ]
INFO: [ view_filter ] --START--
INFO: Run Behavior\WriteHtmlCacheBehavior [ RunTime:0.001205s ]
INFO: [ view_filter ] --END-- [ RunTime:0.001261s ]
INFO: [ app_end ] --START--
INFO: Run Behavior\ShowPageTraceBehavior [ RunTime:0.000754s ]
INFO: [ app_end ] --END-- [ RunTime:0.000792s ]

[ 2017-07-05T20:37:18+08:00 ] 127.0.0.1 /index.php/Admin/Blog/index.html
INFO: [ app_init ] --START--
INFO: Run Behavior\BuildLiteBehavior [ RunTime:0.000013s ]
INFO: [ app_init ] --END-- [ RunTime:0.000432s ]
INFO: [ app_begin ] --START--
INFO: Run Behavior\ReadHtmlCacheBehavior [ RunTime:0.000834s ]
INFO: [ app_begin ] --END-- [ RunTime:0.000960s ]
SQL: SHOW COLUMNS FROM `admin` [ RunTime:0.0123s ]
SQL: SELECT * FROM `admin` WHERE `aid` = 1 LIMIT 1   [ RunTime:0.0003s ]
SQL: SHOW COLUMNS FROM `setting` [ RunTime:0.0051s ]
SQL: SELECT * FROM `setting`  [ RunTime:0.0012s ]
SQL: SHOW COLUMNS FROM `page` [ RunTime:0.0120s ]
SQL: SELECT COUNT(*) AS tp_count FROM `page` LIMIT 1   [ RunTime:0.0003s ]
SQL: SELECT * FROM `page` ORDER BY pid desc LIMIT 0,10   [ RunTime:0.0022s ]
INFO: [ view_parse ] --START--
INFO: [ template_filter ] --START--
INFO: Run Behavior\ContentReplaceBehavior [ RunTime:0.000070s ]
INFO: [ template_filter ] --END-- [ RunTime:0.000166s ]
NOTIC: [8] Undefined variable: session C:\web-php\tpblog\Application\Admin\View\nav.php 第 26 行.
INFO: Run Behavior\ParseTemplateBehavior [ RunTime:0.008671s ]
INFO: [ view_parse ] --END-- [ RunTime:0.008736s ]
INFO: [ view_filter ] --START--
INFO: Run Behavior\WriteHtmlCacheBehavior [ RunTime:0.000321s ]
INFO: [ view_filter ] --END-- [ RunTime:0.000347s ]
INFO: [ app_end ] --START--
INFO: Run Behavior\ShowPageTraceBehavior [ RunTime:0.000458s ]
INFO: [ app_end ] --END-- [ RunTime:0.000485s ]

[ 2017-07-05T20:48:22+08:00 ] 127.0.0.1 /index.php/Admin/Auser/index.html
INFO: [ app_init ] --START--
INFO: Run Behavior\BuildLiteBehavior [ RunTime:0.000013s ]
INFO: [ app_init ] --END-- [ RunTime:0.000360s ]
INFO: [ app_begin ] --START--
INFO: Run Behavior\ReadHtmlCacheBehavior [ RunTime:0.000530s ]
INFO: [ app_begin ] --END-- [ RunTime:0.000563s ]
SQL: SHOW COLUMNS FROM `admin` [ RunTime:0.0114s ]
SQL: SELECT * FROM `admin` WHERE `aid` = 1 LIMIT 1   [ RunTime:0.0004s ]
SQL: SELECT * FROM `admin`  [ RunTime:0.0002s ]
INFO: [ view_parse ] --START--
INFO: [ template_filter ] --START--
INFO: Run Behavior\ContentReplaceBehavior [ RunTime:0.000087s ]
INFO: [ template_filter ] --END-- [ RunTime:0.000193s ]
NOTIC: [8] Undefined variable: session C:\web-php\tpblog\Application\Admin\View\nav.php 第 26 行.
INFO: Run Behavior\ParseTemplateBehavior [ RunTime:0.008038s ]
INFO: [ view_parse ] --END-- [ RunTime:0.008078s ]
INFO: [ view_filter ] --START--
INFO: Run Behavior\WriteHtmlCacheBehavior [ RunTime:0.000413s ]
INFO: [ view_filter ] --END-- [ RunTime:0.000442s ]
INFO: [ app_end ] --START--
INFO: Run Behavior\ShowPageTraceBehavior [ RunTime:0.000592s ]
INFO: [ app_end ] --END-- [ RunTime:0.000640s ]

[ 2017-07-05T20:48:23+08:00 ] 127.0.0.1 /index.php/Admin/Setting/index.html
INFO: [ app_init ] --START--
INFO: Run Behavior\BuildLiteBehavior [ RunTime:0.000008s ]
INFO: [ app_init ] --END-- [ RunTime:0.000349s ]
INFO: [ app_begin ] --START--
INFO: Run Behavior\ReadHtmlCacheBehavior [ RunTime:0.000551s ]
INFO: [ app_begin ] --END-- [ RunTime:0.000583s ]
SQL: SHOW COLUMNS FROM `admin` [ RunTime:0.0124s ]
SQL: SELECT * FROM `admin` WHERE `aid` = 1 LIMIT 1   [ RunTime:0.0002s ]
SQL: SHOW COLUMNS FROM `setting` [ RunTime:0.0047s ]
SQL: SELECT * FROM `setting`  [ RunTime:0.0002s ]
INFO: [ view_parse ] --START--
INFO: [ template_filter ] --START--
INFO: Run Behavior\ContentReplaceBehavior [ RunTime:0.000028s ]
INFO: [ template_filter ] --END-- [ RunTime:0.000059s ]
NOTIC: [8] Undefined variable: session C:\web-php\tpblog\Application\Admin\View\nav.php 第 26 行.
INFO: Run Behavior\ParseTemplateBehavior [ RunTime:0.004759s ]
INFO: [ view_parse ] --END-- [ RunTime:0.004793s ]
INFO: [ view_filter ] --START--
INFO: Run Behavior\WriteHtmlCacheBehavior [ RunTime:0.000317s ]
INFO: [ view_filter ] --END-- [ RunTime:0.000343s ]
INFO: [ app_end ] --START--
INFO: Run Behavior\ShowPageTraceBehavior [ RunTime:0.000472s ]
INFO: [ app_end ] --END-- [ RunTime:0.000499s ]

[ 2017-07-05T20:48:24+08:00 ] 127.0.0.1 /index.php/Admin/Auser/index.html
INFO: [ app_init ] --START--
INFO: Run Behavior\BuildLiteBehavior [ RunTime:0.000018s ]
INFO: [ app_init ] --END-- [ RunTime:0.000413s ]
INFO: [ app_begin ] --START--
INFO: Run Behavior\ReadHtmlCacheBehavior [ RunTime:0.000525s ]
INFO: [ app_begin ] --END-- [ RunTime:0.000574s ]
SQL: SHOW COLUMNS FROM `admin` [ RunTime:0.0128s ]
SQL: SELECT * FROM `admin` WHERE `aid` = 1 LIMIT 1   [ RunTime:0.0003s ]
SQL: SELECT * FROM `admin`  [ RunTime:0.0003s ]
INFO: [ view_parse ] --START--
INFO: [ template_filter ] --START--
INFO: Run Behavior\ContentReplaceBehavior [ RunTime:0.000031s ]
INFO: [ template_filter ] --END-- [ RunTime:0.000069s ]
NOTIC: [8] Undefined variable: session C:\web-php\tpblog\Application\Admin\View\nav.php 第 26 行.
INFO: Run Behavior\ParseTemplateBehavior [ RunTime:0.006003s ]
INFO: [ view_parse ] --END-- [ RunTime:0.006040s ]
INFO: [ view_filter ] --START--
INFO: Run Behavior\WriteHtmlCacheBehavior [ RunTime:0.000341s ]
INFO: [ view_filter ] --END-- [ RunTime:0.000389s ]
INFO: [ app_end ] --START--
INFO: Run Behavior\ShowPageTraceBehavior [ RunTime:0.000475s ]
INFO: [ app_end ] --END-- [ RunTime:0.000504s ]

[ 2017-07-05T20:48:24+08:00 ] 127.0.0.1 /index.php/Admin/Blog/index.html
INFO: [ app_init ] --START--
INFO: Run Behavior\BuildLiteBehavior [ RunTime:0.000010s ]
INFO: [ app_init ] --END-- [ RunTime:0.000279s ]
INFO: [ app_begin ] --START--
INFO: Run Behavior\ReadHtmlCacheBehavior [ RunTime:0.000470s ]
INFO: [ app_begin ] --END-- [ RunTime:0.000501s ]
SQL: SHOW COLUMNS FROM `admin` [ RunTime:0.0049s ]
SQL: SELECT * FROM `admin` WHERE `aid` = 1 LIMIT 1   [ RunTime:0.0004s ]
SQL: SHOW COLUMNS FROM `setting` [ RunTime:0.0060s ]
SQL: SELECT * FROM `setting`  [ RunTime:0.0003s ]
SQL: SHOW COLUMNS FROM `page` [ RunTime:0.0071s ]
SQL: SELECT COUNT(*) AS tp_count FROM `page` LIMIT 1   [ RunTime:0.0003s ]
SQL: SELECT * FROM `page` ORDER BY pid desc LIMIT 0,10   [ RunTime:0.0003s ]
INFO: [ view_parse ] --START--
INFO: [ template_filter ] --START--
INFO: Run Behavior\ContentReplaceBehavior [ RunTime:0.000032s ]
INFO: [ template_filter ] --END-- [ RunTime:0.000070s ]
NOTIC: [8] Undefined variable: session C:\web-php\tpblog\Application\Admin\View\nav.php 第 26 行.
INFO: Run Behavior\ParseTemplateBehavior [ RunTime:0.005579s ]
INFO: [ view_parse ] --END-- [ RunTime:0.005613s ]
INFO: [ view_filter ] --START--
INFO: Run Behavior\WriteHtmlCacheBehavior [ RunTime:0.000332s ]
INFO: [ view_filter ] --END-- [ RunTime:0.000359s ]
INFO: [ app_end ] --START--
INFO: Run Behavior\ShowPageTraceBehavior [ RunTime:0.000457s ]
INFO: [ app_end ] --END-- [ RunTime:0.000485s ]

[ 2017-07-05T20:48:27+08:00 ] 127.0.0.1 /index.php/Admin/Blog/add.html
INFO: [ app_init ] --START--
INFO: Run Behavior\BuildLiteBehavior [ RunTime:0.000008s ]
INFO: [ app_init ] --END-- [ RunTime:0.000362s ]
INFO: [ app_begin ] --START--
INFO: Run Behavior\ReadHtmlCacheBehavior [ RunTime:0.000435s ]
INFO: [ app_begin ] --END-- [ RunTime:0.000466s ]
SQL: SHOW COLUMNS FROM `admin` [ RunTime:0.0109s ]
SQL: SELECT * FROM `admin` WHERE `aid` = 1 LIMIT 1   [ RunTime:0.0003s ]
SQL: SHOW COLUMNS FROM `page` [ RunTime:0.0089s ]
INFO: [ view_parse ] --START--
INFO: [ template_filter ] --START--
INFO: Run Behavior\ContentReplaceBehavior [ RunTime:0.000031s ]
INFO: [ template_filter ] --END-- [ RunTime:0.000067s ]
NOTIC: [8] Undefined variable: session C:\web-php\tpblog\Application\Admin\View\nav.php 第 26 行.
INFO: Run Behavior\ParseTemplateBehavior [ RunTime:0.018384s ]
INFO: [ view_parse ] --END-- [ RunTime:0.018420s ]
INFO: [ view_filter ] --START--
INFO: Run Behavior\WriteHtmlCacheBehavior [ RunTime:0.000794s ]
INFO: [ view_filter ] --END-- [ RunTime:0.000863s ]
INFO: [ app_end ] --START--
INFO: Run Behavior\ShowPageTraceBehavior [ RunTime:0.000938s ]
INFO: [ app_end ] --END-- [ RunTime:0.000986s ]

[ 2017-07-05T20:52:18+08:00 ] 127.0.0.1 /index.php/Admin/Blog/index.html
INFO: [ app_init ] --START--
INFO: Run Behavior\BuildLiteBehavior [ RunTime:0.000014s ]
INFO: [ app_init ] --END-- [ RunTime:0.000982s ]
INFO: [ app_begin ] --START--
INFO: Run Behavior\ReadHtmlCacheBehavior [ RunTime:0.000900s ]
INFO: [ app_begin ] --END-- [ RunTime:0.000990s ]
SQL: SHOW COLUMNS FROM `admin` [ RunTime:0.0194s ]
SQL: SELECT * FROM `admin` WHERE `aid` = 1 LIMIT 1   [ RunTime:0.0004s ]
SQL: SHOW COLUMNS FROM `setting` [ RunTime:0.0131s ]
SQL: SELECT * FROM `setting`  [ RunTime:0.0003s ]
SQL: SHOW COLUMNS FROM `page` [ RunTime:0.0149s ]
SQL: SELECT COUNT(*) AS tp_count FROM `page` LIMIT 1   [ RunTime:0.0007s ]
SQL: SELECT * FROM `page` ORDER BY pid desc LIMIT 0,10   [ RunTime:0.0005s ]
INFO: [ view_parse ] --START--
INFO: [ template_filter ] --START--
INFO: Run Behavior\ContentReplaceBehavior [ RunTime:0.000144s ]
INFO: [ template_filter ] --END-- [ RunTime:0.000312s ]
NOTIC: [8] Undefined variable: session C:\web-php\tpblog\Application\Admin\View\nav.php 第 26 行.
INFO: Run Behavior\ParseTemplateBehavior [ RunTime:0.011856s ]
INFO: [ view_parse ] --END-- [ RunTime:0.011909s ]
INFO: [ view_filter ] --START--
INFO: Run Behavior\WriteHtmlCacheBehavior [ RunTime:0.000621s ]
INFO: [ view_filter ] --END-- [ RunTime:0.000654s ]
INFO: [ app_end ] --START--
INFO: Run Behavior\ShowPageTraceBehavior [ RunTime:0.000620s ]
INFO: [ app_end ] --END-- [ RunTime:0.000656s ]

[ 2017-07-05T20:59:02+08:00 ] 127.0.0.1 /index.php/Admin/Blog/index/p/4.html
INFO: [ app_init ] --START--
INFO: Run Behavior\BuildLiteBehavior [ RunTime:0.000009s ]
INFO: [ app_init ] --END-- [ RunTime:0.000346s ]
INFO: [ app_begin ] --START--
INFO: Run Behavior\ReadHtmlCacheBehavior [ RunTime:0.000452s ]
INFO: [ app_begin ] --END-- [ RunTime:0.000486s ]
SQL: SHOW COLUMNS FROM `admin` [ RunTime:0.0105s ]
SQL: SELECT * FROM `admin` WHERE `aid` = 1 LIMIT 1   [ RunTime:0.0003s ]
SQL: SHOW COLUMNS FROM `setting` [ RunTime:0.0080s ]
SQL: SELECT * FROM `setting`  [ RunTime:0.0003s ]
SQL: SHOW COLUMNS FROM `page` [ RunTime:0.0071s ]
SQL: SELECT COUNT(*) AS tp_count FROM `page` LIMIT 1   [ RunTime:0.0003s ]
SQL: SELECT * FROM `page` ORDER BY pid desc LIMIT 30,10   [ RunTime:0.0003s ]
INFO: [ view_parse ] --START--
INFO: [ template_filter ] --START--
INFO: Run Behavior\ContentReplaceBehavior [ RunTime:0.000032s ]
INFO: [ template_filter ] --END-- [ RunTime:0.000070s ]
NOTIC: [8] Undefined variable: session C:\web-php\tpblog\Application\Admin\View\nav.php 第 26 行.
INFO: Run Behavior\ParseTemplateBehavior [ RunTime:0.007144s ]
INFO: [ view_parse ] --END-- [ RunTime:0.007181s ]
INFO: [ view_filter ] --START--
INFO: Run Behavior\WriteHtmlCacheBehavior [ RunTime:0.000349s ]
INFO: [ view_filter ] --END-- [ RunTime:0.000390s ]
INFO: [ app_end ] --START--
INFO: Run Behavior\ShowPageTraceBehavior [ RunTime:0.000556s ]
INFO: [ app_end ] --END-- [ RunTime:0.000585s ]

[ 2017-07-05T20:59:04+08:00 ] 127.0.0.1 /index.php/Admin/Blog/index/p/5.html
INFO: [ app_init ] --START--
INFO: Run Behavior\BuildLiteBehavior [ RunTime:0.000011s ]
INFO: [ app_init ] --END-- [ RunTime:0.000423s ]
INFO: [ app_begin ] --START--
INFO: Run Behavior\ReadHtmlCacheBehavior [ RunTime:0.000613s ]
INFO: [ app_begin ] --END-- [ RunTime:0.000654s ]
SQL: SHOW COLUMNS FROM `admin` [ RunTime:0.0132s ]
SQL: SELECT * FROM `admin` WHERE `aid` = 1 LIMIT 1   [ RunTime:0.0005s ]
SQL: SHOW COLUMNS FROM `setting` [ RunTime:0.0055s ]
SQL: SELECT * FROM `setting`  [ RunTime:0.0003s ]
SQL: SHOW COLUMNS FROM `page` [ RunTime:0.0085s ]
SQL: SELECT COUNT(*) AS tp_count FROM `page` LIMIT 1   [ RunTime:0.0004s ]
SQL: SELECT * FROM `page` ORDER BY pid desc LIMIT 40,10   [ RunTime:0.0005s ]
INFO: [ view_parse ] --START--
INFO: [ template_filter ] --START--
INFO: Run Behavior\ContentReplaceBehavior [ RunTime:0.000032s ]
INFO: [ template_filter ] --END-- [ RunTime:0.000074s ]
NOTIC: [8] Undefined variable: session C:\web-php\tpblog\Application\Admin\View\nav.php 第 26 行.
INFO: Run Behavior\ParseTemplateBehavior [ RunTime:0.006766s ]
INFO: [ view_parse ] --END-- [ RunTime:0.006835s ]
INFO: [ view_filter ] --START--
INFO: Run Behavior\WriteHtmlCacheBehavior [ RunTime:0.000500s ]
INFO: [ view_filter ] --END-- [ RunTime:0.000541s ]
INFO: [ app_end ] --START--
INFO: Run Behavior\ShowPageTraceBehavior [ RunTime:0.000656s ]
INFO: [ app_end ] --END-- [ RunTime:0.000737s ]

[ 2017-07-05T20:59:05+08:00 ] 127.0.0.1 /index.php/Admin/Blog/index/p/4.html
INFO: [ app_init ] --START--
INFO: Run Behavior\BuildLiteBehavior [ RunTime:0.000010s ]
INFO: [ app_init ] --END-- [ RunTime:0.000396s ]
INFO: [ app_begin ] --START--
INFO: Run Behavior\ReadHtmlCacheBehavior [ RunTime:0.000489s ]
INFO: [ app_begin ] --END-- [ RunTime:0.000545s ]
SQL: SHOW COLUMNS FROM `admin` [ RunTime:0.0118s ]
SQL: SELECT * FROM `admin` WHERE `aid` = 1 LIMIT 1   [ RunTime:0.0004s ]
SQL: SHOW COLUMNS FROM `setting` [ RunTime:0.0052s ]
SQL: SELECT * FROM `setting`  [ RunTime:0.0004s ]
SQL: SHOW COLUMNS FROM `page` [ RunTime:0.0086s ]
SQL: SELECT COUNT(*) AS tp_count FROM `page` LIMIT 1   [ RunTime:0.0003s ]
SQL: SELECT * FROM `page` ORDER BY pid desc LIMIT 30,10   [ RunTime:0.0005s ]
INFO: [ view_parse ] --START--
INFO: [ template_filter ] --START--
INFO: Run Behavior\ContentReplaceBehavior [ RunTime:0.000030s ]
INFO: [ template_filter ] --END-- [ RunTime:0.000069s ]
NOTIC: [8] Undefined variable: session C:\web-php\tpblog\Application\Admin\View\nav.php 第 26 行.
INFO: Run Behavior\ParseTemplateBehavior [ RunTime:0.006717s ]
INFO: [ view_parse ] --END-- [ RunTime:0.006759s ]
INFO: [ view_filter ] --START--
INFO: Run Behavior\WriteHtmlCacheBehavior [ RunTime:0.000625s ]
INFO: [ view_filter ] --END-- [ RunTime:0.000674s ]
INFO: [ app_end ] --START--
INFO: Run Behavior\ShowPageTraceBehavior [ RunTime:0.000516s ]
INFO: [ app_end ] --END-- [ RunTime:0.000544s ]

[ 2017-07-05T20:59:06+08:00 ] 127.0.0.1 /index.php/Admin/Blog/index/p/3.html
INFO: [ app_init ] --START--
INFO: Run Behavior\BuildLiteBehavior [ RunTime:0.000012s ]
INFO: [ app_init ] --END-- [ RunTime:0.000388s ]
INFO: [ app_begin ] --START--
INFO: Run Behavior\ReadHtmlCacheBehavior [ RunTime:0.000613s ]
INFO: [ app_begin ] --END-- [ RunTime:0.000659s ]
SQL: SHOW COLUMNS FROM `admin` [ RunTime:0.0131s ]
SQL: SELECT * FROM `admin` WHERE `aid` = 1 LIMIT 1   [ RunTime:0.0003s ]
SQL: SHOW COLUMNS FROM `setting` [ RunTime:0.0066s ]
SQL: SELECT * FROM `setting`  [ RunTime:0.0002s ]
SQL: SHOW COLUMNS FROM `page` [ RunTime:0.0076s ]
SQL: SELECT COUNT(*) AS tp_count FROM `page` LIMIT 1   [ RunTime:0.0004s ]
SQL: SELECT * FROM `page` ORDER BY pid desc LIMIT 20,10   [ RunTime:0.0006s ]
INFO: [ view_parse ] --START--
INFO: [ template_filter ] --START--
INFO: Run Behavior\ContentReplaceBehavior [ RunTime:0.000030s ]
INFO: [ template_filter ] --END-- [ RunTime:0.000069s ]
NOTIC: [8] Undefined variable: session C:\web-php\tpblog\Application\Admin\View\nav.php 第 26 行.
INFO: Run Behavior\ParseTemplateBehavior [ RunTime:0.006199s ]
INFO: [ view_parse ] --END-- [ RunTime:0.006243s ]
INFO: [ view_filter ] --START--
INFO: Run Behavior\WriteHtmlCacheBehavior [ RunTime:0.000334s ]
INFO: [ view_filter ] --END-- [ RunTime:0.000362s ]
INFO: [ app_end ] --START--
INFO: Run Behavior\ShowPageTraceBehavior [ RunTime:0.000480s ]
INFO: [ app_end ] --END-- [ RunTime:0.000509s ]

[ 2017-07-05T20:59:07+08:00 ] 127.0.0.1 /index.php/Admin/Blog/index/p/2.html
INFO: [ app_init ] --START--
INFO: Run Behavior\BuildLiteBehavior [ RunTime:0.000008s ]
INFO: [ app_init ] --END-- [ RunTime:0.000347s ]
INFO: [ app_begin ] --START--
INFO: Run Behavior\ReadHtmlCacheBehavior [ RunTime:0.000429s ]
INFO: [ app_begin ] --END-- [ RunTime:0.000462s ]
SQL: SHOW COLUMNS FROM `admin` [ RunTime:0.0117s ]
SQL: SELECT * FROM `admin` WHERE `aid` = 1 LIMIT 1   [ RunTime:0.0006s ]
SQL: SHOW COLUMNS FROM `setting` [ RunTime:0.0045s ]
SQL: SELECT * FROM `setting`  [ RunTime:0.0003s ]
SQL: SHOW COLUMNS FROM `page` [ RunTime:0.0068s ]
SQL: SELECT COUNT(*) AS tp_count FROM `page` LIMIT 1   [ RunTime:0.0003s ]
SQL: SELECT * FROM `page` ORDER BY pid desc LIMIT 10,10   [ RunTime:0.0007s ]
INFO: [ view_parse ] --START--
INFO: [ template_filter ] --START--
INFO: Run Behavior\ContentReplaceBehavior [ RunTime:0.000030s ]
INFO: [ template_filter ] --END-- [ RunTime:0.000062s ]
NOTIC: [8] Undefined variable: session C:\web-php\tpblog\Application\Admin\View\nav.php 第 26 行.
INFO: Run Behavior\ParseTemplateBehavior [ RunTime:0.005598s ]
INFO: [ view_parse ] --END-- [ RunTime:0.005630s ]
INFO: [ view_filter ] --START--
INFO: Run Behavior\WriteHtmlCacheBehavior [ RunTime:0.000305s ]
INFO: [ view_filter ] --END-- [ RunTime:0.000331s ]
INFO: [ app_end ] --START--
INFO: Run Behavior\ShowPageTraceBehavior [ RunTime:0.000452s ]
INFO: [ app_end ] --END-- [ RunTime:0.000480s ]

[ 2017-07-05T20:59:07+08:00 ] 127.0.0.1 /index.php/Admin/Blog/index/p/1.html
INFO: [ app_init ] --START--
INFO: Run Behavior\BuildLiteBehavior [ RunTime:0.000008s ]
INFO: [ app_init ] --END-- [ RunTime:0.000293s ]
INFO: [ app_begin ] --START--
INFO: Run Behavior\ReadHtmlCacheBehavior [ RunTime:0.000495s ]
INFO: [ app_begin ] --END-- [ RunTime:0.000528s ]
SQL: SHOW COLUMNS FROM `admin` [ RunTime:0.0053s ]
SQL: SELECT * FROM `admin` WHERE `aid` = 1 LIMIT 1   [ RunTime:0.0002s ]
SQL: SHOW COLUMNS FROM `setting` [ RunTime:0.0043s ]
SQL: SELECT * FROM `setting`  [ RunTime:0.0003s ]
SQL: SHOW COLUMNS FROM `page` [ RunTime:0.0043s ]
SQL: SELECT COUNT(*) AS tp_count FROM `page` LIMIT 1   [ RunTime:0.0003s ]
SQL: SELECT * FROM `page` ORDER BY pid desc LIMIT 0,10   [ RunTime:0.0003s ]
INFO: [ view_parse ] --START--
INFO: [ template_filter ] --START--
INFO: Run Behavior\ContentReplaceBehavior [ RunTime:0.000034s ]
INFO: [ template_filter ] --END-- [ RunTime:0.000129s ]
NOTIC: [8] Undefined variable: session C:\web-php\tpblog\Application\Admin\View\nav.php 第 26 行.
INFO: Run Behavior\ParseTemplateBehavior [ RunTime:0.005806s ]
INFO: [ view_parse ] --END-- [ RunTime:0.005838s ]
INFO: [ view_filter ] --START--
INFO: Run Behavior\WriteHtmlCacheBehavior [ RunTime:0.000316s ]
INFO: [ view_filter ] --END-- [ RunTime:0.000343s ]
INFO: [ app_end ] --START--
INFO: Run Behavior\ShowPageTraceBehavior [ RunTime:0.000454s ]
INFO: [ app_end ] --END-- [ RunTime:0.000481s ]

[ 2017-07-05T20:59:08+08:00 ] 127.0.0.1 /index.php/Admin/Blog/index/p/2.html
INFO: [ app_init ] --START--
INFO: Run Behavior\BuildLiteBehavior [ RunTime:0.000009s ]
INFO: [ app_init ] --END-- [ RunTime:0.000395s ]
INFO: [ app_begin ] --START--
INFO: Run Behavior\ReadHtmlCacheBehavior [ RunTime:0.000697s ]
INFO: [ app_begin ] --END-- [ RunTime:0.000742s ]
SQL: SHOW COLUMNS FROM `admin` [ RunTime:0.0110s ]
SQL: SELECT * FROM `admin` WHERE `aid` = 1 LIMIT 1   [ RunTime:0.0003s ]
SQL: SHOW COLUMNS FROM `setting` [ RunTime:0.0046s ]
SQL: SELECT * FROM `setting`  [ RunTime:0.0003s ]
SQL: SHOW COLUMNS FROM `page` [ RunTime:0.0068s ]
SQL: SELECT COUNT(*) AS tp_count FROM `page` LIMIT 1   [ RunTime:0.0005s ]
SQL: SELECT * FROM `page` ORDER BY pid desc LIMIT 10,10   [ RunTime:0.0008s ]
INFO: [ view_parse ] --START--
INFO: [ template_filter ] --START--
INFO: Run Behavior\ContentReplaceBehavior [ RunTime:0.000031s ]
INFO: [ template_filter ] --END-- [ RunTime:0.000063s ]
NOTIC: [8] Undefined variable: session C:\web-php\tpblog\Application\Admin\View\nav.php 第 26 行.
INFO: Run Behavior\ParseTemplateBehavior [ RunTime:0.005149s ]
INFO: [ view_parse ] --END-- [ RunTime:0.005181s ]
INFO: [ view_filter ] --START--
INFO: Run Behavior\WriteHtmlCacheBehavior [ RunTime:0.000357s ]
INFO: [ view_filter ] --END-- [ RunTime:0.000384s ]
INFO: [ app_end ] --START--
INFO: Run Behavior\ShowPageTraceBehavior [ RunTime:0.000464s ]
INFO: [ app_end ] --END-- [ RunTime:0.000491s ]

[ 2017-07-05T20:59:08+08:00 ] 127.0.0.1 /index.php/Admin/Blog/index/p/1.html
INFO: [ app_init ] --START--
INFO: Run Behavior\BuildLiteBehavior [ RunTime:0.000009s ]
INFO: [ app_init ] --END-- [ RunTime:0.000290s ]
INFO: [ app_begin ] --START--
INFO: Run Behavior\ReadHtmlCacheBehavior [ RunTime:0.000486s ]
INFO: [ app_begin ] --END-- [ RunTime:0.000530s ]
SQL: SHOW COLUMNS FROM `admin` [ RunTime:0.0053s ]
SQL: SELECT * FROM `admin` WHERE `aid` = 1 LIMIT 1   [ RunTime:0.0003s ]
SQL: SHOW COLUMNS FROM `setting` [ RunTime:0.0052s ]
SQL: SELECT * FROM `setting`  [ RunTime:0.0003s ]
SQL: SHOW COLUMNS FROM `page` [ RunTime:0.0041s ]
SQL: SELECT COUNT(*) AS tp_count FROM `page` LIMIT 1   [ RunTime:0.0003s ]
SQL: SELECT * FROM `page` ORDER BY pid desc LIMIT 0,10   [ RunTime:0.0003s ]
INFO: [ view_parse ] --START--
INFO: [ template_filter ] --START--
INFO: Run Behavior\ContentReplaceBehavior [ RunTime:0.000051s ]
INFO: [ template_filter ] --END-- [ RunTime:0.000087s ]
NOTIC: [8] Undefined variable: session C:\web-php\tpblog\Application\Admin\View\nav.php 第 26 行.
INFO: Run Behavior\ParseTemplateBehavior [ RunTime:0.006061s ]
INFO: [ view_parse ] --END-- [ RunTime:0.006097s ]
INFO: [ view_filter ] --START--
INFO: Run Behavior\WriteHtmlCacheBehavior [ RunTime:0.000320s ]
INFO: [ view_filter ] --END-- [ RunTime:0.000347s ]
INFO: [ app_end ] --START--
INFO: Run Behavior\ShowPageTraceBehavior [ RunTime:0.000621s ]
INFO: [ app_end ] --END-- [ RunTime:0.000649s ]

[ 2017-07-05T20:59:27+08:00 ] 127.0.0.1 /index.php/Admin/Blog/add.html
INFO: [ app_init ] --START--
INFO: Run Behavior\BuildLiteBehavior [ RunTime:0.000014s ]
INFO: [ app_init ] --END-- [ RunTime:0.000287s ]
INFO: [ app_begin ] --START--
INFO: Run Behavior\ReadHtmlCacheBehavior [ RunTime:0.000488s ]
INFO: [ app_begin ] --END-- [ RunTime:0.000520s ]
SQL: SHOW COLUMNS FROM `admin` [ RunTime:0.0095s ]
SQL: SELECT * FROM `admin` WHERE `aid` = 1 LIMIT 1   [ RunTime:0.0003s ]
SQL: SHOW COLUMNS FROM `page` [ RunTime:0.0091s ]
INFO: [ view_parse ] --START--
INFO: [ template_filter ] --START--
INFO: Run Behavior\ContentReplaceBehavior [ RunTime:0.000051s ]
INFO: [ template_filter ] --END-- [ RunTime:0.000085s ]
NOTIC: [8] Undefined variable: session C:\web-php\tpblog\Application\Admin\View\nav.php 第 26 行.
INFO: Run Behavior\ParseTemplateBehavior [ RunTime:0.005184s ]
INFO: [ view_parse ] --END-- [ RunTime:0.005218s ]
INFO: [ view_filter ] --START--
INFO: Run Behavior\WriteHtmlCacheBehavior [ RunTime:0.000361s ]
INFO: [ view_filter ] --END-- [ RunTime:0.000388s ]
INFO: [ app_end ] --START--
INFO: Run Behavior\ShowPageTraceBehavior [ RunTime:0.000474s ]
INFO: [ app_end ] --END-- [ RunTime:0.000503s ]

[ 2017-07-05T21:01:22+08:00 ] 127.0.0.1 /index.php/Admin/Blog/upload.html
INFO: [ app_init ] --START--
INFO: Run Behavior\BuildLiteBehavior [ RunTime:0.000026s ]
INFO: [ app_init ] --END-- [ RunTime:0.000651s ]
INFO: [ app_begin ] --START--
INFO: Run Behavior\ReadHtmlCacheBehavior [ RunTime:0.000583s ]
INFO: [ app_begin ] --END-- [ RunTime:0.000620s ]
SQL: SHOW COLUMNS FROM `admin` [ RunTime:0.0190s ]
SQL: SELECT * FROM `admin` WHERE `aid` = 1 LIMIT 1   [ RunTime:0.0004s ]
NOTIC: [2] call_user_func() expects parameter 1 to be a valid callback, no array or string given C:\web-php\tpblog\ThinkPHP\Library\Think\Upload.class.php 第 170 行.
INFO: [ app_end ] --START--
INFO: Run Behavior\ShowPageTraceBehavior [ RunTime:0.001042s ]
INFO: [ app_end ] --END-- [ RunTime:0.001086s ]

[ 2017-07-05T21:02:15+08:00 ] 127.0.0.1 /index.php/Admin/Blog/save.html?pid=0
INFO: [ app_init ] --START--
INFO: Run Behavior\BuildLiteBehavior [ RunTime:0.000010s ]
INFO: [ app_init ] --END-- [ RunTime:0.000327s ]
INFO: [ app_begin ] --START--
INFO: Run Behavior\ReadHtmlCacheBehavior [ RunTime:0.000991s ]
INFO: [ app_begin ] --END-- [ RunTime:0.001031s ]
SQL: SHOW COLUMNS FROM `admin` [ RunTime:0.0130s ]
SQL: SELECT * FROM `admin` WHERE `aid` = 1 LIMIT 1   [ RunTime:0.0003s ]
SQL: SHOW COLUMNS FROM `page` [ RunTime:0.0073s ]
NOTIC: [8] Undefined index: auto C:\web-php\tpblog\ThinkPHP\Library\Think\Model.class.php 第 1128 行.
SQL: INSERT INTO `page` (`title`,`author`,`content`,`intime`) VALUES ('JS获取浏览器窗口大小','Sonnentreppe','&lt;p&gt;&lt;img alt=&quot;捕获.PNG&quot; src=&quot;/Uploads/2017-07-05/595ce3224481b.PNG&quot; width=&quot;800&quot; height=&quot;298.14814814814815&quot;&gt;&lt;br&gt;&lt;/p&gt;&lt;p style=&quot;margin-left: 0.75in;&quot;&gt;详细:&lt;/p&gt;&lt;p style=&quot;margin-left: 0.75in;&quot;&gt;关于获取各种浏览器可见窗口大小: &lt;/p&gt;&lt;p style=&quot;margin-left: 0.75in;&quot;&gt;&amp;lt;script&amp;gt; &lt;/p&gt;&lt;p style=&quot;margin-left: 0.75in;&quot;&gt;function getInfo() &lt;/p&gt;&lt;p style=&quot;margin-left: 0.75in;&quot;&gt;{ &lt;/p&gt;&lt;p style=&quot;margin-left: 0.75in;&quot;&gt;var s = &quot;&quot;; &lt;/p&gt;&lt;p style=&quot;margin-left: 0.75in;&quot;&gt;s = &quot; 网页可见区域宽：&quot; document.body.clientWidth; &lt;/p&gt;&lt;p style=&quot;margin-left: 0.75in;&quot;&gt;s = &quot; 网页可见区域高：&quot; document.body.clientHeight; &lt;/p&gt;&lt;p style=&quot;margin-left: 0.75in;&quot;&gt;s = &quot; 网页可见区域宽：&quot; document.body.offsetWidth &quot; (包括边线和滚动条的宽)&quot;; &lt;/p&gt;&lt;p style=&quot;margin-left: 0.75in;&quot;&gt;s = &quot; 网页可见区域高：&quot; document.body.offsetHeight &quot; (包括边线的宽)&quot;; &lt;/p&gt;&lt;p style=&quot;margin-left: 0.75in;&quot;&gt;s = &quot; 网页正文全文宽：&quot; document.body.scrollWidth; &lt;/p&gt;&lt;p style=&quot;margin-left: 0.75in;&quot;&gt;s = &quot; 网页正文全文高：&quot; document.body.scrollHeight; &lt;/p&gt;&lt;p style=&quot;margin-left: 0.75in;&quot;&gt;s = &quot; 网页被卷去的高(ff)：&quot; document.body.scrollTop; &lt;/p&gt;&lt;p style=&quot;margin-left: 0.75in;&quot;&gt;s = &quot; 网页被卷去的高(ie)：&quot; document.documentElement.scrollTop; &lt;/p&gt;&lt;p style=&quot;margin-left: 0.75in;&quot;&gt;s = &quot; 网页被卷去的左：&quot; document.body.scrollLeft; &lt;/p&gt;&lt;p style=&quot;margin-left: 0.75in;&quot;&gt;s = &quot; 网页正文部分上：&quot; window.screenTop; &lt;/p&gt;&lt;p style=&quot;margin-left: 0.75in;&quot;&gt;s = &quot; 网页正文部分左：&quot; window.screenLeft; &lt;/p&gt;&lt;p style=&quot;margin-left: 0.75in;&quot;&gt;s = &quot; 屏幕分辨率的高：&quot; window.screen.height; &lt;/p&gt;&lt;p style=&quot;margin-left: 0.75in;&quot;&gt;s = &quot; 屏幕分辨率的宽：&quot; window.screen.width; &lt;/p&gt;&lt;p style=&quot;margin-left: 0.75in;&quot;&gt;s = &quot; 屏幕可用工作区高度：&quot; window.screen.availHeight; &lt;/p&gt;&lt;p style=&quot;margin-left: 0.75in;&quot;&gt;s = &quot; 屏幕可用工作区宽度：&quot; window.screen.availWidth;&lt;/p&gt;&lt;p style=&quot;margin-left: 0.75in;&quot;&gt;s = &quot; 你的屏幕设置是 &quot; window.screen.colorDepth &quot; 位彩色&quot;; &lt;/p&gt;&lt;p style=&quot;margin-left: 0.75in;&quot;&gt;s = &quot; 你的屏幕设置 &quot; window.screen.deviceXDPI &quot; 像素/英寸&quot;;&lt;/p&gt;&lt;p style=&quot;margin-left: 0.75in;&quot;&gt;//alert (s); &lt;/p&gt;&lt;p style=&quot;margin-left: 0.75in;&quot;&gt;} &lt;/p&gt;&lt;p style=&quot;margin-left: 0.75in;&quot;&gt;getInfo(); &lt;/p&gt;&lt;p style=&quot;margin-left: 0.75in;&quot;&gt;&amp;lt;/script&amp;gt; &lt;/p&gt;&lt;p style=&quot;margin-left: 0.75in;&quot;&gt;在我本地测试当中： &lt;/p&gt;&lt;p style=&quot;margin-left: 0.75in;&quot;&gt;在IE、FireFox、Opera下都可以使用&lt;/p&gt;&lt;p style=&quot;margin-left: 0.75in;&quot;&gt;document.body.clientWidth &lt;/p&gt;&lt;p style=&quot;margin-left: 0.75in;&quot;&gt;document.body.clientHeight &lt;/p&gt;&lt;p style=&quot;margin-left: 0.75in;&quot;&gt;即可获得，很简单，很方便。 &lt;/p&gt;&lt;p style=&quot;margin-left: 0.75in;&quot;&gt;而在公司项目当中： &lt;/p&gt;&lt;p style=&quot;margin-left: 0.75in;&quot;&gt;Opera仍然使用 &lt;/p&gt;&lt;p style=&quot;margin-left: 0.75in;&quot;&gt;document.body.clientWidth &lt;/p&gt;&lt;p style=&quot;margin-left: 0.75in;&quot;&gt;document.body.clientHeight &lt;/p&gt;&lt;p style=&quot;margin-left: 0.75in;&quot;&gt;可是IE和FireFox则使用&lt;/p&gt;&lt;p style=&quot;margin-left: 0.75in;&quot;&gt;document.documentElement.clientWidth &lt;/p&gt;&lt;p style=&quot;margin-left: 0.75in;&quot;&gt;document.documentElement.clientHeight &lt;/p&gt;&lt;p style=&quot;margin-left: 0.75in;&quot;&gt;原来是W3C的标准在作怪啊&lt;/p&gt;&lt;p style=&quot;margin-left: 0.75in;&quot;&gt;&amp;lt;!DOCTYPE html PUBLIC &quot;-//W3C//DTDXHTML 1.0 Transitional//EN&quot; &quot;&lt;a href=&quot;http://www.w3.org/TR/xhtml1/DTD/xhtml1-transitional.dtd&quot;&gt;http://www.w3.org/TR/xhtml1/DTD/xhtml1-transitional.dtd&lt;/a&gt;&quot;&amp;gt;&lt;/p&gt;&lt;p style=&quot;margin-left: 0.75in;&quot;&gt;如果在页面中添加这行标记的话 在IE中：&lt;/p&gt;&lt;p style=&quot;margin-left: 0.75in;&quot;&gt;document.body.clientWidth==&amp;gt; BODY对象宽度 &lt;/p&gt;&lt;p style=&quot;margin-left: 0.75in;&quot;&gt;document.body.clientHeight==&amp;gt; BODY对象高度 &lt;/p&gt;&lt;p style=&quot;margin-left: 0.75in;&quot;&gt;document.documentElement.clientWidth==&amp;gt; 可见区域宽度 &lt;/p&gt;&lt;p style=&quot;margin-left: 0.75in;&quot;&gt;document.documentElement.clientHeight==&amp;gt; 可见区域高度 &lt;/p&gt;&lt;p style=&quot;margin-left: 0.75in;&quot;&gt;在FireFox中：&lt;/p&gt;&lt;p style=&quot;margin-left: 0.75in;&quot;&gt;document.body.clientWidth==&amp;gt; BODY对象宽度 &lt;/p&gt;&lt;p style=&quot;margin-left: 0.75in;&quot;&gt;document.body.clientHeight==&amp;gt; BODY对象高度 &lt;/p&gt;&lt;p style=&quot;margin-left: 0.75in;&quot;&gt;document.documentElement.clientWidth==&amp;gt; 可见区域宽度 &lt;/p&gt;&lt;p style=&quot;margin-left: 0.75in;&quot;&gt;document.documentElement.clientHeight==&amp;gt; 可见区域高度 &lt;/p&gt;&lt;p style=&quot;margin-left: 0.75in;&quot;&gt;? &lt;/p&gt;&lt;p style=&quot;margin-left: 0.75in;&quot;&gt;在Opera中：&lt;/p&gt;&lt;p style=&quot;margin-left: 0.75in;&quot;&gt;document.body.clientWidth==&amp;gt; 可见区域宽度 &lt;/p&gt;&lt;p style=&quot;margin-left: 0.75in;&quot;&gt;document.body.clientHeight==&amp;gt; 可见区域高度 &lt;/p&gt;&lt;p style=&quot;margin-left: 0.75in;&quot;&gt;document.documentElement.clientWidth==&amp;gt; 页面对象宽度（即BODY对象宽度加上Margin宽）&lt;/p&gt;&lt;p style=&quot;margin-left: 0.75in;&quot;&gt;document.documentElement.clientHeight==&amp;gt; 页面对象高度（即BODY对象高度加上Margin高）&lt;/p&gt;&lt;p style=&quot;margin-left: 0.75in;&quot;&gt;而如果没有定义W3C的标准，则&lt;/p&gt;&lt;p style=&quot;margin-left: 0.75in;&quot;&gt;IE为： &lt;/p&gt;&lt;p style=&quot;margin-left: 0.75in;&quot;&gt;document.documentElement.clientWidth ==&amp;gt; 0 &lt;/p&gt;&lt;p style=&quot;margin-left: 0.75in;&quot;&gt;document.documentElement.clientHeight ==&amp;gt; 0 &lt;/p&gt;&lt;p style=&quot;margin-left: 0.75in;&quot;&gt;FireFox为： &lt;/p&gt;&lt;p style=&quot;margin-left: 0.75in;&quot;&gt;document.documentElement.clientWidth==&amp;gt; 页面对象宽度（即BODY对象宽度加上Margin宽）document.documentElement.clientHeight ==&amp;gt; 页面对象高度（即BODY对象高度加上Margin高）&lt;/p&gt;&lt;p style=&quot;margin-left: 0.75in;&quot;&gt;Opera为： &lt;/p&gt;&lt;p style=&quot;margin-left: 0.75in;&quot;&gt;document.documentElement.clientWidth==&amp;gt; 页面对象宽度（即BODY对象宽度加上Margin宽）document.documentElement.clientHeight ==&amp;gt; 页面对象高度（即BODY对象高度加上Margin高）&lt;/p&gt;','1499259735') [ RunTime:0.0106s ]
INFO: [ view_parse ] --START--
INFO: [ template_filter ] --START--
INFO: Run Behavior\ContentReplaceBehavior [ RunTime:0.000027s ]
INFO: [ template_filter ] --END-- [ RunTime:0.000062s ]
INFO: Run Behavior\ParseTemplateBehavior [ RunTime:0.007511s ]
INFO: [ view_parse ] --END-- [ RunTime:0.007597s ]
INFO: [ view_filter ] --START--
INFO: Run Behavior\WriteHtmlCacheBehavior [ RunTime:0.000701s ]
INFO: [ view_filter ] --END-- [ RunTime:0.000745s ]
INFO: [ app_end ] --START--
INFO: Run Behavior\ShowPageTraceBehavior [ RunTime:0.000843s ]
INFO: [ app_end ] --END-- [ RunTime:0.000874s ]

[ 2017-07-05T21:02:16+08:00 ] 127.0.0.1 /Admin/Blog/index
INFO: [ app_init ] --START--
INFO: Run Behavior\BuildLiteBehavior [ RunTime:0.000009s ]
INFO: [ app_init ] --END-- [ RunTime:0.000316s ]
INFO: [ app_begin ] --START--
INFO: Run Behavior\ReadHtmlCacheBehavior [ RunTime:0.000704s ]
INFO: [ app_begin ] --END-- [ RunTime:0.000737s ]
SQL: SHOW COLUMNS FROM `admin` [ RunTime:0.0138s ]
SQL: SELECT * FROM `admin` WHERE `aid` = 1 LIMIT 1   [ RunTime:0.0003s ]
SQL: SHOW COLUMNS FROM `setting` [ RunTime:0.0049s ]
SQL: SELECT * FROM `setting`  [ RunTime:0.0003s ]
SQL: SHOW COLUMNS FROM `page` [ RunTime:0.0075s ]
SQL: SELECT COUNT(*) AS tp_count FROM `page` LIMIT 1   [ RunTime:0.0003s ]
SQL: SELECT * FROM `page` ORDER BY pid desc LIMIT 0,10   [ RunTime:0.0004s ]
INFO: [ view_parse ] --START--
INFO: [ template_filter ] --START--
INFO: Run Behavior\ContentReplaceBehavior [ RunTime:0.000031s ]
INFO: [ template_filter ] --END-- [ RunTime:0.000068s ]
NOTIC: [8] Undefined variable: session C:\web-php\tpblog\Application\Admin\View\nav.php 第 26 行.
INFO: Run Behavior\ParseTemplateBehavior [ RunTime:0.018671s ]
INFO: [ view_parse ] --END-- [ RunTime:0.018712s ]
INFO: [ view_filter ] --START--
INFO: Run Behavior\WriteHtmlCacheBehavior [ RunTime:0.000679s ]
INFO: [ view_filter ] --END-- [ RunTime:0.000710s ]
INFO: [ app_end ] --START--
INFO: Run Behavior\ShowPageTraceBehavior [ RunTime:0.000715s ]
INFO: [ app_end ] --END-- [ RunTime:0.000744s ]

[ 2017-07-05T21:06:27+08:00 ] 127.0.0.1 /index.php/Admin/Blog/delete.html?pid=61
INFO: [ app_init ] --START--
INFO: Run Behavior\BuildLiteBehavior [ RunTime:0.000010s ]
INFO: [ app_init ] --END-- [ RunTime:0.000364s ]
INFO: [ app_begin ] --START--
INFO: Run Behavior\ReadHtmlCacheBehavior [ RunTime:0.000858s ]
INFO: [ app_begin ] --END-- [ RunTime:0.000895s ]
SQL: SHOW COLUMNS FROM `admin` [ RunTime:0.0110s ]
SQL: SELECT * FROM `admin` WHERE `aid` = 1 LIMIT 1   [ RunTime:0.0003s ]
SQL: SHOW COLUMNS FROM `page` [ RunTime:0.0096s ]
SQL: DELETE FROM `page` WHERE `pid` = 61 [ RunTime:0.0057s ]

[ 2017-07-05T21:06:27+08:00 ] 127.0.0.1 /index.php/Admin/Blog.html
INFO: [ app_init ] --START--
INFO: Run Behavior\BuildLiteBehavior [ RunTime:0.000009s ]
INFO: [ app_init ] --END-- [ RunTime:0.000324s ]
INFO: [ app_begin ] --START--
INFO: Run Behavior\ReadHtmlCacheBehavior [ RunTime:0.000726s ]
INFO: [ app_begin ] --END-- [ RunTime:0.000760s ]
SQL: SHOW COLUMNS FROM `admin` [ RunTime:0.0057s ]
SQL: SELECT * FROM `admin` WHERE `aid` = 1 LIMIT 1   [ RunTime:0.0003s ]
SQL: SHOW COLUMNS FROM `setting` [ RunTime:0.0052s ]
SQL: SELECT * FROM `setting`  [ RunTime:0.0003s ]
SQL: SHOW COLUMNS FROM `page` [ RunTime:0.0045s ]
SQL: SELECT COUNT(*) AS tp_count FROM `page` LIMIT 1   [ RunTime:0.0003s ]
SQL: SELECT * FROM `page` ORDER BY pid desc LIMIT 0,10   [ RunTime:0.0004s ]
INFO: [ view_parse ] --START--
INFO: [ template_filter ] --START--
INFO: Run Behavior\ContentReplaceBehavior [ RunTime:0.000031s ]
INFO: [ template_filter ] --END-- [ RunTime:0.000064s ]
NOTIC: [8] Undefined variable: session C:\web-php\tpblog\Application\Admin\View\nav.php 第 26 行.
INFO: Run Behavior\ParseTemplateBehavior [ RunTime:0.006649s ]
INFO: [ view_parse ] --END-- [ RunTime:0.006723s ]
INFO: [ view_filter ] --START--
INFO: Run Behavior\WriteHtmlCacheBehavior [ RunTime:0.000579s ]
INFO: [ view_filter ] --END-- [ RunTime:0.000622s ]
INFO: [ app_end ] --START--
INFO: Run Behavior\ShowPageTraceBehavior [ RunTime:0.000729s ]
INFO: [ app_end ] --END-- [ RunTime:0.000755s ]

[ 2017-07-05T21:06:34+08:00 ] 127.0.0.1 /index.php/Admin/Blog/add.html
INFO: [ app_init ] --START--
INFO: Run Behavior\BuildLiteBehavior [ RunTime:0.000010s ]
INFO: [ app_init ] --END-- [ RunTime:0.000361s ]
INFO: [ app_begin ] --START--
INFO: Run Behavior\ReadHtmlCacheBehavior [ RunTime:0.001391s ]
INFO: [ app_begin ] --END-- [ RunTime:0.001464s ]
SQL: SHOW COLUMNS FROM `admin` [ RunTime:0.0115s ]
SQL: SELECT * FROM `admin` WHERE `aid` = 1 LIMIT 1   [ RunTime:0.0002s ]
SQL: SHOW COLUMNS FROM `page` [ RunTime:0.0074s ]
INFO: [ view_parse ] --START--
INFO: [ template_filter ] --START--
INFO: Run Behavior\ContentReplaceBehavior [ RunTime:0.000034s ]
INFO: [ template_filter ] --END-- [ RunTime:0.000074s ]
NOTIC: [8] Undefined variable: session C:\web-php\tpblog\Application\Admin\View\nav.php 第 26 行.
INFO: Run Behavior\ParseTemplateBehavior [ RunTime:0.007784s ]
INFO: [ view_parse ] --END-- [ RunTime:0.007820s ]
INFO: [ view_filter ] --START--
INFO: Run Behavior\WriteHtmlCacheBehavior [ RunTime:0.000588s ]
INFO: [ view_filter ] --END-- [ RunTime:0.000617s ]
INFO: [ app_end ] --START--
INFO: Run Behavior\ShowPageTraceBehavior [ RunTime:0.000830s ]
INFO: [ app_end ] --END-- [ RunTime:0.000859s ]

[ 2017-07-05T21:07:01+08:00 ] 127.0.0.1 /index.php/Admin/Blog/upload.html
INFO: [ app_init ] --START--
INFO: Run Behavior\BuildLiteBehavior [ RunTime:0.000074s ]
INFO: [ app_init ] --END-- [ RunTime:0.000846s ]
INFO: [ app_begin ] --START--
INFO: Run Behavior\ReadHtmlCacheBehavior [ RunTime:0.000978s ]
INFO: [ app_begin ] --END-- [ RunTime:0.001019s ]
SQL: SHOW COLUMNS FROM `admin` [ RunTime:0.0158s ]
SQL: SELECT * FROM `admin` WHERE `aid` = 1 LIMIT 1   [ RunTime:0.0003s ]
NOTIC: [2] call_user_func() expects parameter 1 to be a valid callback, no array or string given C:\web-php\tpblog\ThinkPHP\Library\Think\Upload.class.php 第 170 行.
INFO: [ app_end ] --START--
INFO: Run Behavior\ShowPageTraceBehavior [ RunTime:0.000777s ]
INFO: [ app_end ] --END-- [ RunTime:0.000813s ]

[ 2017-07-05T21:07:15+08:00 ] 127.0.0.1 /index.php/Admin/Blog/upload.html
INFO: [ app_init ] --START--
INFO: Run Behavior\BuildLiteBehavior [ RunTime:0.000074s ]
INFO: [ app_init ] --END-- [ RunTime:0.001420s ]
INFO: [ app_begin ] --START--
INFO: Run Behavior\ReadHtmlCacheBehavior [ RunTime:0.001543s ]
INFO: [ app_begin ] --END-- [ RunTime:0.001680s ]
SQL: SHOW COLUMNS FROM `admin` [ RunTime:0.0179s ]
SQL: SELECT * FROM `admin` WHERE `aid` = 1 LIMIT 1   [ RunTime:0.0003s ]
NOTIC: [2] call_user_func() expects parameter 1 to be a valid callback, no array or string given C:\web-php\tpblog\ThinkPHP\Library\Think\Upload.class.php 第 170 行.
INFO: [ app_end ] --START--
INFO: Run Behavior\ShowPageTraceBehavior [ RunTime:0.000777s ]
INFO: [ app_end ] --END-- [ RunTime:0.000825s ]

[ 2017-07-05T21:07:55+08:00 ] 127.0.0.1 /index.php/Admin/Blog/save.html?pid=0
INFO: [ app_init ] --START--
INFO: Run Behavior\BuildLiteBehavior [ RunTime:0.000008s ]
INFO: [ app_init ] --END-- [ RunTime:0.000316s ]
INFO: [ app_begin ] --START--
INFO: Run Behavior\ReadHtmlCacheBehavior [ RunTime:0.002055s ]
INFO: [ app_begin ] --END-- [ RunTime:0.002231s ]
SQL: SHOW COLUMNS FROM `admin` [ RunTime:0.0113s ]
SQL: SELECT * FROM `admin` WHERE `aid` = 1 LIMIT 1   [ RunTime:0.0003s ]
SQL: SHOW COLUMNS FROM `page` [ RunTime:0.0081s ]
NOTIC: [8] Undefined index: auto C:\web-php\tpblog\ThinkPHP\Library\Think\Model.class.php 第 1128 行.
SQL: INSERT INTO `page` (`title`,`author`,`content`,`intime`) VALUES ('JS 获取浏览器窗口大小','S','&lt;p style=&quot;margin-left: 0.75in;&quot;&gt;&lt;img alt=&quot;捕获.PNG&quot; src=&quot;/Uploads/2017-07-05/595ce4834097a.PNG&quot; width=&quot;600&quot; height=&quot;223.60714285714286&quot;&gt;&lt;br&gt;&lt;/p&gt;&lt;p style=&quot;margin-left: 0.75in;&quot;&gt;&lt;br&gt;&lt;/p&gt;&lt;p style=&quot;margin-left: 0.75in;&quot;&gt;详细:&lt;/p&gt;&lt;p style=&quot;margin-left: 0.75in;&quot;&gt;关于获取各种浏览器可见窗口大小: &lt;/p&gt;&lt;p style=&quot;margin-left: 0.75in;&quot;&gt;&amp;lt;script&amp;gt; &lt;/p&gt;&lt;p style=&quot;margin-left: 0.75in;&quot;&gt;function getInfo() &lt;/p&gt;&lt;p style=&quot;margin-left: 0.75in;&quot;&gt;{ &lt;/p&gt;&lt;p style=&quot;margin-left: 0.75in;&quot;&gt;var s = &quot;&quot;; &lt;/p&gt;&lt;p style=&quot;margin-left: 0.75in;&quot;&gt;s = &quot; 网页可见区域宽：&quot; document.body.clientWidth; &lt;/p&gt;&lt;p style=&quot;margin-left: 0.75in;&quot;&gt;s = &quot; 网页可见区域高：&quot; document.body.clientHeight; &lt;/p&gt;&lt;p style=&quot;margin-left: 0.75in;&quot;&gt;s = &quot; 网页可见区域宽：&quot; document.body.offsetWidth &quot; (包括边线和滚动条的宽)&quot;; &lt;/p&gt;&lt;p style=&quot;margin-left: 0.75in;&quot;&gt;s = &quot; 网页可见区域高：&quot; document.body.offsetHeight &quot; (包括边线的宽)&quot;; &lt;/p&gt;&lt;p style=&quot;margin-left: 0.75in;&quot;&gt;s = &quot; 网页正文全文宽：&quot; document.body.scrollWidth; &lt;/p&gt;&lt;p style=&quot;margin-left: 0.75in;&quot;&gt;s = &quot; 网页正文全文高：&quot; document.body.scrollHeight; &lt;/p&gt;&lt;p style=&quot;margin-left: 0.75in;&quot;&gt;s = &quot; 网页被卷去的高(ff)：&quot; document.body.scrollTop; &lt;/p&gt;&lt;p style=&quot;margin-left: 0.75in;&quot;&gt;s = &quot; 网页被卷去的高(ie)：&quot; document.documentElement.scrollTop; &lt;/p&gt;&lt;p style=&quot;margin-left: 0.75in;&quot;&gt;s = &quot; 网页被卷去的左：&quot; document.body.scrollLeft; &lt;/p&gt;&lt;p style=&quot;margin-left: 0.75in;&quot;&gt;s = &quot; 网页正文部分上：&quot; window.screenTop; &lt;/p&gt;&lt;p style=&quot;margin-left: 0.75in;&quot;&gt;s = &quot; 网页正文部分左：&quot; window.screenLeft; &lt;/p&gt;&lt;p style=&quot;margin-left: 0.75in;&quot;&gt;s = &quot; 屏幕分辨率的高：&quot; window.screen.height; &lt;/p&gt;&lt;p style=&quot;margin-left: 0.75in;&quot;&gt;s = &quot; 屏幕分辨率的宽：&quot; window.screen.width; &lt;/p&gt;&lt;p style=&quot;margin-left: 0.75in;&quot;&gt;s = &quot; 屏幕可用工作区高度：&quot; window.screen.availHeight; &lt;/p&gt;&lt;p style=&quot;margin-left: 0.75in;&quot;&gt;s = &quot; 屏幕可用工作区宽度：&quot; window.screen.availWidth;&lt;/p&gt;&lt;p style=&quot;margin-left: 0.75in;&quot;&gt;s = &quot; 你的屏幕设置是 &quot; window.screen.colorDepth &quot; 位彩色&quot;; &lt;/p&gt;&lt;p style=&quot;margin-left: 0.75in;&quot;&gt;s = &quot; 你的屏幕设置 &quot; window.screen.deviceXDPI &quot; 像素/英寸&quot;;&lt;/p&gt;&lt;p style=&quot;margin-left: 0.75in;&quot;&gt;//alert (s); &lt;/p&gt;&lt;p style=&quot;margin-left: 0.75in;&quot;&gt;} &lt;/p&gt;&lt;p style=&quot;margin-left: 0.75in;&quot;&gt;getInfo(); &lt;/p&gt;&lt;p style=&quot;margin-left: 0.75in;&quot;&gt;&amp;lt;/script&amp;gt; &lt;/p&gt;&lt;p style=&quot;margin-left: 0.75in;&quot;&gt;在我本地测试当中： &lt;/p&gt;&lt;p style=&quot;margin-left: 0.75in;&quot;&gt;在IE、FireFox、Opera下都可以使用&lt;/p&gt;&lt;p style=&quot;margin-left: 0.75in;&quot;&gt;document.body.clientWidth &lt;/p&gt;&lt;p style=&quot;margin-left: 0.75in;&quot;&gt;document.body.clientHeight &lt;/p&gt;&lt;p style=&quot;margin-left: 0.75in;&quot;&gt;即可获得，很简单，很方便。 &lt;/p&gt;&lt;p style=&quot;margin-left: 0.75in;&quot;&gt;而在公司项目当中： &lt;/p&gt;&lt;p style=&quot;margin-left: 0.75in;&quot;&gt;Opera仍然使用 &lt;/p&gt;&lt;p style=&quot;margin-left: 0.75in;&quot;&gt;document.body.clientWidth &lt;/p&gt;&lt;p style=&quot;margin-left: 0.75in;&quot;&gt;document.body.clientHeight &lt;/p&gt;&lt;p style=&quot;margin-left: 0.75in;&quot;&gt;可是IE和FireFox则使用&lt;/p&gt;&lt;p style=&quot;margin-left: 0.75in;&quot;&gt;document.documentElement.clientWidth &lt;/p&gt;&lt;p style=&quot;margin-left: 0.75in;&quot;&gt;document.documentElement.clientHeight &lt;/p&gt;&lt;p style=&quot;margin-left: 0.75in;&quot;&gt;原来是W3C的标准在作怪啊&lt;/p&gt;&lt;p style=&quot;margin-left: 0.75in;&quot;&gt;&amp;lt;!DOCTYPE html PUBLIC &quot;-//W3C//DTDXHTML 1.0 Transitional//EN&quot; &quot;&lt;a href=&quot;http://www.w3.org/TR/xhtml1/DTD/xhtml1-transitional.dtd&quot;&gt;http://www.w3.org/TR/xhtml1/DTD/xhtml1-transitional.dtd&lt;/a&gt;&quot;&amp;gt;&lt;/p&gt;&lt;p style=&quot;margin-left: 0.75in;&quot;&gt;如果在页面中添加这行标记的话 在IE中：&lt;/p&gt;&lt;p style=&quot;margin-left: 0.75in;&quot;&gt;document.body.clientWidth==&amp;gt; BODY对象宽度 &lt;/p&gt;&lt;p style=&quot;margin-left: 0.75in;&quot;&gt;document.body.clientHeight==&amp;gt; BODY对象高度 &lt;/p&gt;&lt;p style=&quot;margin-left: 0.75in;&quot;&gt;document.documentElement.clientWidth==&amp;gt; 可见区域宽度 &lt;/p&gt;&lt;p style=&quot;margin-left: 0.75in;&quot;&gt;document.documentElement.clientHeight==&amp;gt; 可见区域高度 &lt;/p&gt;&lt;p style=&quot;margin-left: 0.75in;&quot;&gt;在FireFox中：&lt;/p&gt;&lt;p style=&quot;margin-left: 0.75in;&quot;&gt;document.body.clientWidth==&amp;gt; BODY对象宽度 &lt;/p&gt;&lt;p style=&quot;margin-left: 0.75in;&quot;&gt;document.body.clientHeight==&amp;gt; BODY对象高度 &lt;/p&gt;&lt;p style=&quot;margin-left: 0.75in;&quot;&gt;document.documentElement.clientWidth==&amp;gt; 可见区域宽度 &lt;/p&gt;&lt;p style=&quot;margin-left: 0.75in;&quot;&gt;document.documentElement.clientHeight==&amp;gt; 可见区域高度 &lt;/p&gt;&lt;p style=&quot;margin-left: 0.75in;&quot;&gt;? &lt;/p&gt;&lt;p style=&quot;margin-left: 0.75in;&quot;&gt;在Opera中：&lt;/p&gt;&lt;p style=&quot;margin-left: 0.75in;&quot;&gt;document.body.clientWidth==&amp;gt; 可见区域宽度 &lt;/p&gt;&lt;p style=&quot;margin-left: 0.75in;&quot;&gt;document.body.clientHeight==&amp;gt; 可见区域高度 &lt;/p&gt;&lt;p style=&quot;margin-left: 0.75in;&quot;&gt;document.documentElement.clientWidth==&amp;gt; 页面对象宽度（即BODY对象宽度加上Margin宽）&lt;/p&gt;&lt;p style=&quot;margin-left: 0.75in;&quot;&gt;document.documentElement.clientHeight==&amp;gt; 页面对象高度（即BODY对象高度加上Margin高）&lt;/p&gt;&lt;p style=&quot;margin-left: 0.75in;&quot;&gt;而如果没有定义W3C的标准，则&lt;/p&gt;&lt;p style=&quot;margin-left: 0.75in;&quot;&gt;IE为： &lt;/p&gt;&lt;p style=&quot;margin-left: 0.75in;&quot;&gt;document.documentElement.clientWidth ==&amp;gt; 0 &lt;/p&gt;&lt;p style=&quot;margin-left: 0.75in;&quot;&gt;document.documentElement.clientHeight ==&amp;gt; 0 &lt;/p&gt;&lt;p style=&quot;margin-left: 0.75in;&quot;&gt;FireFox为： &lt;/p&gt;&lt;p style=&quot;margin-left: 0.75in;&quot;&gt;document.documentElement.clientWidth==&amp;gt; 页面对象宽度（即BODY对象宽度加上Margin宽）document.documentElement.clientHeight ==&amp;gt; 页面对象高度（即BODY对象高度加上Margin高）&lt;/p&gt;&lt;p style=&quot;margin-left: 0.75in;&quot;&gt;Opera为： &lt;/p&gt;&lt;p style=&quot;margin-left: 0.75in;&quot;&gt;document.documentElement.clientWidth==&amp;gt; 页面对象宽度（即BODY对象宽度加上Margin宽）document.documentElement.clientHeight ==&amp;gt; 页面对象高度（即BODY对象高度加上Margin高）&lt;/p&gt;','1499260075') [ RunTime:0.0060s ]
INFO: [ view_parse ] --START--
INFO: [ template_filter ] --START--
INFO: Run Behavior\ContentReplaceBehavior [ RunTime:0.000030s ]
INFO: [ template_filter ] --END-- [ RunTime:0.000062s ]
INFO: Run Behavior\ParseTemplateBehavior [ RunTime:0.005725s ]
INFO: [ view_parse ] --END-- [ RunTime:0.005762s ]
INFO: [ view_filter ] --START--
INFO: Run Behavior\WriteHtmlCacheBehavior [ RunTime:0.000571s ]
INFO: [ view_filter ] --END-- [ RunTime:0.000598s ]
INFO: [ app_end ] --START--
INFO: Run Behavior\ShowPageTraceBehavior [ RunTime:0.000847s ]
INFO: [ app_end ] --END-- [ RunTime:0.000879s ]

[ 2017-07-05T21:07:56+08:00 ] 127.0.0.1 /Admin/Blog/index
INFO: [ app_init ] --START--
INFO: Run Behavior\BuildLiteBehavior [ RunTime:0.000012s ]
INFO: [ app_init ] --END-- [ RunTime:0.000313s ]
INFO: [ app_begin ] --START--
INFO: Run Behavior\ReadHtmlCacheBehavior [ RunTime:0.000717s ]
INFO: [ app_begin ] --END-- [ RunTime:0.000749s ]
SQL: SHOW COLUMNS FROM `admin` [ RunTime:0.0116s ]
SQL: SELECT * FROM `admin` WHERE `aid` = 1 LIMIT 1   [ RunTime:0.0003s ]
SQL: SHOW COLUMNS FROM `setting` [ RunTime:0.0054s ]
SQL: SELECT * FROM `setting`  [ RunTime:0.0003s ]
SQL: SHOW COLUMNS FROM `page` [ RunTime:0.0070s ]
SQL: SELECT COUNT(*) AS tp_count FROM `page` LIMIT 1   [ RunTime:0.0003s ]
SQL: SELECT * FROM `page` ORDER BY pid desc LIMIT 0,10   [ RunTime:0.0003s ]
INFO: [ view_parse ] --START--
INFO: [ template_filter ] --START--
INFO: Run Behavior\ContentReplaceBehavior [ RunTime:0.000034s ]
INFO: [ template_filter ] --END-- [ RunTime:0.000077s ]
NOTIC: [8] Undefined variable: session C:\web-php\tpblog\Application\Admin\View\nav.php 第 26 行.
INFO: Run Behavior\ParseTemplateBehavior [ RunTime:0.007466s ]
INFO: [ view_parse ] --END-- [ RunTime:0.007505s ]
INFO: [ view_filter ] --START--
INFO: Run Behavior\WriteHtmlCacheBehavior [ RunTime:0.000809s ]
INFO: [ view_filter ] --END-- [ RunTime:0.000858s ]
INFO: [ app_end ] --START--
INFO: Run Behavior\ShowPageTraceBehavior [ RunTime:0.000807s ]
INFO: [ app_end ] --END-- [ RunTime:0.000848s ]

[ 2017-07-05T21:07:59+08:00 ] 127.0.0.1 /index.php/Admin/Blog/add.html?pid=62
INFO: [ app_init ] --START--
INFO: Run Behavior\BuildLiteBehavior [ RunTime:0.000009s ]
INFO: [ app_init ] --END-- [ RunTime:0.000310s ]
INFO: [ app_begin ] --START--
INFO: Run Behavior\ReadHtmlCacheBehavior [ RunTime:0.000895s ]
INFO: [ app_begin ] --END-- [ RunTime:0.000965s ]
SQL: SHOW COLUMNS FROM `admin` [ RunTime:0.0116s ]
SQL: SELECT * FROM `admin` WHERE `aid` = 1 LIMIT 1   [ RunTime:0.0003s ]
SQL: SHOW COLUMNS FROM `page` [ RunTime:0.0070s ]
SQL: SELECT * FROM `page` WHERE `pid` = 62 LIMIT 1   [ RunTime:0.0003s ]
INFO: [ view_parse ] --START--
INFO: [ template_filter ] --START--
INFO: Run Behavior\ContentReplaceBehavior [ RunTime:0.000031s ]
INFO: [ template_filter ] --END-- [ RunTime:0.000065s ]
NOTIC: [8] Undefined variable: session C:\web-php\tpblog\Application\Admin\View\nav.php 第 26 行.
INFO: Run Behavior\ParseTemplateBehavior [ RunTime:0.007114s ]
INFO: [ view_parse ] --END-- [ RunTime:0.007149s ]
INFO: [ view_filter ] --START--
INFO: Run Behavior\WriteHtmlCacheBehavior [ RunTime:0.000558s ]
INFO: [ view_filter ] --END-- [ RunTime:0.000585s ]
INFO: [ app_end ] --START--
INFO: Run Behavior\ShowPageTraceBehavior [ RunTime:0.001176s ]
INFO: [ app_end ] --END-- [ RunTime:0.001209s ]

[ 2017-07-05T21:08:45+08:00 ] 127.0.0.1 /index.php/Admin/Blog/index.html
INFO: [ app_init ] --START--
INFO: Run Behavior\BuildLiteBehavior [ RunTime:0.000008s ]
INFO: [ app_init ] --END-- [ RunTime:0.000299s ]
INFO: [ app_begin ] --START--
INFO: Run Behavior\ReadHtmlCacheBehavior [ RunTime:0.000525s ]
INFO: [ app_begin ] --END-- [ RunTime:0.000597s ]
SQL: SHOW COLUMNS FROM `admin` [ RunTime:0.0099s ]
SQL: SELECT * FROM `admin` WHERE `aid` = 1 LIMIT 1   [ RunTime:0.0003s ]
SQL: SHOW COLUMNS FROM `setting` [ RunTime:0.0045s ]
SQL: SELECT * FROM `setting`  [ RunTime:0.0004s ]
SQL: SHOW COLUMNS FROM `page` [ RunTime:0.0086s ]
SQL: SELECT COUNT(*) AS tp_count FROM `page` LIMIT 1   [ RunTime:0.0003s ]
SQL: SELECT * FROM `page` ORDER BY pid desc LIMIT 0,10   [ RunTime:0.0003s ]
INFO: [ view_parse ] --START--
INFO: [ template_filter ] --START--
INFO: Run Behavior\ContentReplaceBehavior [ RunTime:0.000070s ]
INFO: [ template_filter ] --END-- [ RunTime:0.000123s ]
NOTIC: [8] Undefined variable: session C:\web-php\tpblog\Application\Admin\View\nav.php 第 26 行.
INFO: Run Behavior\ParseTemplateBehavior [ RunTime:0.006713s ]
INFO: [ view_parse ] --END-- [ RunTime:0.006768s ]
INFO: [ view_filter ] --START--
INFO: Run Behavior\WriteHtmlCacheBehavior [ RunTime:0.000482s ]
INFO: [ view_filter ] --END-- [ RunTime:0.000515s ]
INFO: [ app_end ] --START--
INFO: Run Behavior\ShowPageTraceBehavior [ RunTime:0.000537s ]
INFO: [ app_end ] --END-- [ RunTime:0.000564s ]

[ 2017-07-05T21:08:56+08:00 ] 127.0.0.1 /index.php/Admin/Blog/add.html?pid=55
INFO: [ app_init ] --START--
INFO: Run Behavior\BuildLiteBehavior [ RunTime:0.000009s ]
INFO: [ app_init ] --END-- [ RunTime:0.000275s ]
INFO: [ app_begin ] --START--
INFO: Run Behavior\ReadHtmlCacheBehavior [ RunTime:0.000457s ]
INFO: [ app_begin ] --END-- [ RunTime:0.000490s ]
SQL: SHOW COLUMNS FROM `admin` [ RunTime:0.0114s ]
SQL: SELECT * FROM `admin` WHERE `aid` = 1 LIMIT 1   [ RunTime:0.0003s ]
SQL: SHOW COLUMNS FROM `page` [ RunTime:0.0072s ]
SQL: SELECT * FROM `page` WHERE `pid` = 55 LIMIT 1   [ RunTime:0.0004s ]
INFO: [ view_parse ] --START--
INFO: [ template_filter ] --START--
INFO: Run Behavior\ContentReplaceBehavior [ RunTime:0.000030s ]
INFO: [ template_filter ] --END-- [ RunTime:0.000063s ]
NOTIC: [8] Undefined variable: session C:\web-php\tpblog\Application\Admin\View\nav.php 第 26 行.
INFO: Run Behavior\ParseTemplateBehavior [ RunTime:0.005754s ]
INFO: [ view_parse ] --END-- [ RunTime:0.005790s ]
INFO: [ view_filter ] --START--
INFO: Run Behavior\WriteHtmlCacheBehavior [ RunTime:0.000323s ]
INFO: [ view_filter ] --END-- [ RunTime:0.000349s ]
INFO: [ app_end ] --START--
INFO: Run Behavior\ShowPageTraceBehavior [ RunTime:0.000462s ]
INFO: [ app_end ] --END-- [ RunTime:0.000491s ]

[ 2017-07-05T21:09:04+08:00 ] 127.0.0.1 /index.php/Admin/Blog/index.html
INFO: [ app_init ] --START--
INFO: Run Behavior\BuildLiteBehavior [ RunTime:0.000020s ]
INFO: [ app_init ] --END-- [ RunTime:0.000404s ]
INFO: [ app_begin ] --START--
INFO: Run Behavior\ReadHtmlCacheBehavior [ RunTime:0.000436s ]
INFO: [ app_begin ] --END-- [ RunTime:0.000468s ]
SQL: SHOW COLUMNS FROM `admin` [ RunTime:0.0103s ]
SQL: SELECT * FROM `admin` WHERE `aid` = 1 LIMIT 1   [ RunTime:0.0003s ]
SQL: SHOW COLUMNS FROM `setting` [ RunTime:0.0044s ]
SQL: SELECT * FROM `setting`  [ RunTime:0.0003s ]
SQL: SHOW COLUMNS FROM `page` [ RunTime:0.0073s ]
SQL: SELECT COUNT(*) AS tp_count FROM `page` LIMIT 1   [ RunTime:0.0003s ]
SQL: SELECT * FROM `page` ORDER BY pid desc LIMIT 0,10   [ RunTime:0.0003s ]
INFO: [ view_parse ] --START--
INFO: [ template_filter ] --START--
INFO: Run Behavior\ContentReplaceBehavior [ RunTime:0.000046s ]
INFO: [ template_filter ] --END-- [ RunTime:0.000080s ]
NOTIC: [8] Undefined variable: session C:\web-php\tpblog\Application\Admin\View\nav.php 第 26 行.
INFO: Run Behavior\ParseTemplateBehavior [ RunTime:0.005147s ]
INFO: [ view_parse ] --END-- [ RunTime:0.005181s ]
INFO: [ view_filter ] --START--
INFO: Run Behavior\WriteHtmlCacheBehavior [ RunTime:0.000338s ]
INFO: [ view_filter ] --END-- [ RunTime:0.000365s ]
INFO: [ app_end ] --START--
INFO: Run Behavior\ShowPageTraceBehavior [ RunTime:0.000443s ]
INFO: [ app_end ] --END-- [ RunTime:0.000470s ]

[ 2017-07-05T21:09:05+08:00 ] 127.0.0.1 /index.php/Admin/Blog/add.html?pid=62
INFO: [ app_init ] --START--
INFO: Run Behavior\BuildLiteBehavior [ RunTime:0.000012s ]
INFO: [ app_init ] --END-- [ RunTime:0.000274s ]
INFO: [ app_begin ] --START--
INFO: Run Behavior\ReadHtmlCacheBehavior [ RunTime:0.000437s ]
INFO: [ app_begin ] --END-- [ RunTime:0.000470s ]
SQL: SHOW COLUMNS FROM `admin` [ RunTime:0.0116s ]
SQL: SELECT * FROM `admin` WHERE `aid` = 1 LIMIT 1   [ RunTime:0.0004s ]
SQL: SHOW COLUMNS FROM `page` [ RunTime:0.0068s ]
SQL: SELECT * FROM `page` WHERE `pid` = 62 LIMIT 1   [ RunTime:0.0006s ]
INFO: [ view_parse ] --START--
INFO: [ template_filter ] --START--
INFO: Run Behavior\ContentReplaceBehavior [ RunTime:0.000030s ]
INFO: [ template_filter ] --END-- [ RunTime:0.000060s ]
NOTIC: [8] Undefined variable: session C:\web-php\tpblog\Application\Admin\View\nav.php 第 26 行.
INFO: Run Behavior\ParseTemplateBehavior [ RunTime:0.004968s ]
INFO: [ view_parse ] --END-- [ RunTime:0.005001s ]
INFO: [ view_filter ] --START--
INFO: Run Behavior\WriteHtmlCacheBehavior [ RunTime:0.000303s ]
INFO: [ view_filter ] --END-- [ RunTime:0.000329s ]
INFO: [ app_end ] --START--
INFO: Run Behavior\ShowPageTraceBehavior [ RunTime:0.000730s ]
INFO: [ app_end ] --END-- [ RunTime:0.000760s ]

[ 2017-07-05T21:09:28+08:00 ] 127.0.0.1 /index.php/Admin/Blog/index.html
INFO: [ app_init ] --START--
INFO: Run Behavior\BuildLiteBehavior [ RunTime:0.000009s ]
INFO: [ app_init ] --END-- [ RunTime:0.000288s ]
INFO: [ app_begin ] --START--
INFO: Run Behavior\ReadHtmlCacheBehavior [ RunTime:0.000513s ]
INFO: [ app_begin ] --END-- [ RunTime:0.000547s ]
SQL: SHOW COLUMNS FROM `admin` [ RunTime:0.0118s ]
SQL: SELECT * FROM `admin` WHERE `aid` = 1 LIMIT 1   [ RunTime:0.0005s ]
SQL: SHOW COLUMNS FROM `setting` [ RunTime:0.0104s ]
SQL: SELECT * FROM `setting`  [ RunTime:0.0003s ]
SQL: SHOW COLUMNS FROM `page` [ RunTime:0.0097s ]
SQL: SELECT COUNT(*) AS tp_count FROM `page` LIMIT 1   [ RunTime:0.0003s ]
SQL: SELECT * FROM `page` ORDER BY pid desc LIMIT 0,10   [ RunTime:0.0004s ]
INFO: [ view_parse ] --START--
INFO: [ template_filter ] --START--
INFO: Run Behavior\ContentReplaceBehavior [ RunTime:0.000031s ]
INFO: [ template_filter ] --END-- [ RunTime:0.000067s ]
NOTIC: [8] Undefined variable: session C:\web-php\tpblog\Application\Admin\View\nav.php 第 26 行.
INFO: Run Behavior\ParseTemplateBehavior [ RunTime:0.005978s ]
INFO: [ view_parse ] --END-- [ RunTime:0.006013s ]
INFO: [ view_filter ] --START--
INFO: Run Behavior\WriteHtmlCacheBehavior [ RunTime:0.000319s ]
INFO: [ view_filter ] --END-- [ RunTime:0.000345s ]
INFO: [ app_end ] --START--
INFO: Run Behavior\ShowPageTraceBehavior [ RunTime:0.000501s ]
INFO: [ app_end ] --END-- [ RunTime:0.000529s ]

[ 2017-07-05T21:09:31+08:00 ] 127.0.0.1 /index.php/Admin/Blog/add.html
INFO: [ app_init ] --START--
INFO: Run Behavior\BuildLiteBehavior [ RunTime:0.000008s ]
INFO: [ app_init ] --END-- [ RunTime:0.000275s ]
INFO: [ app_begin ] --START--
INFO: Run Behavior\ReadHtmlCacheBehavior [ RunTime:0.000444s ]
INFO: [ app_begin ] --END-- [ RunTime:0.000477s ]
SQL: SHOW COLUMNS FROM `admin` [ RunTime:0.0121s ]
SQL: SELECT * FROM `admin` WHERE `aid` = 1 LIMIT 1   [ RunTime:0.0003s ]
SQL: SHOW COLUMNS FROM `page` [ RunTime:0.0072s ]
INFO: [ view_parse ] --START--
INFO: [ template_filter ] --START--
INFO: Run Behavior\ContentReplaceBehavior [ RunTime:0.000030s ]
INFO: [ template_filter ] --END-- [ RunTime:0.000063s ]
NOTIC: [8] Undefined variable: session C:\web-php\tpblog\Application\Admin\View\nav.php 第 26 行.
INFO: Run Behavior\ParseTemplateBehavior [ RunTime:0.004870s ]
INFO: [ view_parse ] --END-- [ RunTime:0.004905s ]
INFO: [ view_filter ] --START--
INFO: Run Behavior\WriteHtmlCacheBehavior [ RunTime:0.000314s ]
INFO: [ view_filter ] --END-- [ RunTime:0.000341s ]
INFO: [ app_end ] --START--
INFO: Run Behavior\ShowPageTraceBehavior [ RunTime:0.000514s ]
INFO: [ app_end ] --END-- [ RunTime:0.000584s ]

[ 2017-07-05T21:09:46+08:00 ] 127.0.0.1 /index.php/Admin/Blog/upload.html
INFO: [ app_init ] --START--
INFO: Run Behavior\BuildLiteBehavior [ RunTime:0.000023s ]
INFO: [ app_init ] --END-- [ RunTime:0.000459s ]
INFO: [ app_begin ] --START--
INFO: Run Behavior\ReadHtmlCacheBehavior [ RunTime:0.000957s ]
INFO: [ app_begin ] --END-- [ RunTime:0.001103s ]
SQL: SHOW COLUMNS FROM `admin` [ RunTime:0.0178s ]
SQL: SELECT * FROM `admin` WHERE `aid` = 1 LIMIT 1   [ RunTime:0.0002s ]
NOTIC: [2] call_user_func() expects parameter 1 to be a valid callback, no array or string given C:\web-php\tpblog\ThinkPHP\Library\Think\Upload.class.php 第 170 行.
INFO: [ app_end ] --START--
INFO: Run Behavior\ShowPageTraceBehavior [ RunTime:0.001679s ]
INFO: [ app_end ] --END-- [ RunTime:0.001774s ]

[ 2017-07-05T21:11:18+08:00 ] 127.0.0.1 /index.php/Admin/Blog/save.html?pid=0
INFO: [ app_init ] --START--
INFO: Run Behavior\BuildLiteBehavior [ RunTime:0.000009s ]
INFO: [ app_init ] --END-- [ RunTime:0.000325s ]
INFO: [ app_begin ] --START--
INFO: Run Behavior\ReadHtmlCacheBehavior [ RunTime:0.001619s ]
INFO: [ app_begin ] --END-- [ RunTime:0.001669s ]
SQL: SHOW COLUMNS FROM `admin` [ RunTime:0.0107s ]
SQL: SELECT * FROM `admin` WHERE `aid` = 1 LIMIT 1   [ RunTime:0.0003s ]
SQL: SHOW COLUMNS FROM `page` [ RunTime:0.0067s ]
INFO: [ view_parse ] --START--
INFO: [ template_filter ] --START--
INFO: Run Behavior\ContentReplaceBehavior [ RunTime:0.000030s ]
INFO: [ template_filter ] --END-- [ RunTime:0.000105s ]
INFO: Run Behavior\ParseTemplateBehavior [ RunTime:0.006734s ]
INFO: [ view_parse ] --END-- [ RunTime:0.006772s ]
INFO: [ view_filter ] --START--
INFO: Run Behavior\WriteHtmlCacheBehavior [ RunTime:0.000662s ]
INFO: [ view_filter ] --END-- [ RunTime:0.000707s ]

[ 2017-07-05T21:11:20+08:00 ] 127.0.0.1 /Admin/Blog/add
INFO: [ app_init ] --START--
INFO: Run Behavior\BuildLiteBehavior [ RunTime:0.000009s ]
INFO: [ app_init ] --END-- [ RunTime:0.000314s ]
INFO: [ app_begin ] --START--
INFO: Run Behavior\ReadHtmlCacheBehavior [ RunTime:0.000679s ]
INFO: [ app_begin ] --END-- [ RunTime:0.000712s ]
SQL: SHOW COLUMNS FROM `admin` [ RunTime:0.0098s ]
SQL: SELECT * FROM `admin` WHERE `aid` = 1 LIMIT 1   [ RunTime:0.0003s ]
SQL: SHOW COLUMNS FROM `page` [ RunTime:0.0086s ]
INFO: [ view_parse ] --START--
INFO: [ template_filter ] --START--
INFO: Run Behavior\ContentReplaceBehavior [ RunTime:0.000031s ]
INFO: [ template_filter ] --END-- [ RunTime:0.000064s ]
NOTIC: [8] Undefined variable: session C:\web-php\tpblog\Application\Admin\View\nav.php 第 26 行.
INFO: Run Behavior\ParseTemplateBehavior [ RunTime:0.006630s ]
INFO: [ view_parse ] --END-- [ RunTime:0.006664s ]
INFO: [ view_filter ] --START--
INFO: Run Behavior\WriteHtmlCacheBehavior [ RunTime:0.000559s ]
INFO: [ view_filter ] --END-- [ RunTime:0.000588s ]
INFO: [ app_end ] --START--
INFO: Run Behavior\ShowPageTraceBehavior [ RunTime:0.000832s ]
INFO: [ app_end ] --END-- [ RunTime:0.000890s ]

[ 2017-07-05T21:11:47+08:00 ] 127.0.0.1 /index.php/Admin/Blog/upload.html
INFO: [ app_init ] --START--
INFO: Run Behavior\BuildLiteBehavior [ RunTime:0.000021s ]
INFO: [ app_init ] --END-- [ RunTime:0.000640s ]
INFO: [ app_begin ] --START--
INFO: Run Behavior\ReadHtmlCacheBehavior [ RunTime:0.000765s ]
INFO: [ app_begin ] --END-- [ RunTime:0.000805s ]
SQL: SHOW COLUMNS FROM `admin` [ RunTime:0.0171s ]
SQL: SELECT * FROM `admin` WHERE `aid` = 1 LIMIT 1   [ RunTime:0.0013s ]
NOTIC: [2] call_user_func() expects parameter 1 to be a valid callback, no array or string given C:\web-php\tpblog\ThinkPHP\Library\Think\Upload.class.php 第 170 行.
INFO: [ app_end ] --START--
INFO: Run Behavior\ShowPageTraceBehavior [ RunTime:0.001740s ]
INFO: [ app_end ] --END-- [ RunTime:0.001846s ]

[ 2017-07-05T21:11:56+08:00 ] 127.0.0.1 /index.php/Admin/Blog/save.html?pid=0
INFO: [ app_init ] --START--
INFO: Run Behavior\BuildLiteBehavior [ RunTime:0.000037s ]
INFO: [ app_init ] --END-- [ RunTime:0.001114s ]
INFO: [ app_begin ] --START--
INFO: Run Behavior\ReadHtmlCacheBehavior [ RunTime:0.001024s ]
INFO: [ app_begin ] --END-- [ RunTime:0.001084s ]
SQL: SHOW COLUMNS FROM `admin` [ RunTime:0.0105s ]
SQL: SELECT * FROM `admin` WHERE `aid` = 1 LIMIT 1   [ RunTime:0.0003s ]
SQL: SHOW COLUMNS FROM `page` [ RunTime:0.0076s ]
INFO: [ view_parse ] --START--
INFO: [ template_filter ] --START--
INFO: Run Behavior\ContentReplaceBehavior [ RunTime:0.000028s ]
INFO: [ template_filter ] --END-- [ RunTime:0.000060s ]
INFO: Run Behavior\ParseTemplateBehavior [ RunTime:0.005771s ]
INFO: [ view_parse ] --END-- [ RunTime:0.005810s ]
INFO: [ view_filter ] --START--
INFO: Run Behavior\WriteHtmlCacheBehavior [ RunTime:0.000641s ]
INFO: [ view_filter ] --END-- [ RunTime:0.000694s ]

[ 2017-07-05T21:11:59+08:00 ] 127.0.0.1 /Admin/Blog/add
INFO: [ app_init ] --START--
INFO: Run Behavior\BuildLiteBehavior [ RunTime:0.000009s ]
INFO: [ app_init ] --END-- [ RunTime:0.000426s ]
INFO: [ app_begin ] --START--
INFO: Run Behavior\ReadHtmlCacheBehavior [ RunTime:0.000646s ]
INFO: [ app_begin ] --END-- [ RunTime:0.000677s ]
SQL: SHOW COLUMNS FROM `admin` [ RunTime:0.0110s ]
SQL: SELECT * FROM `admin` WHERE `aid` = 1 LIMIT 1   [ RunTime:0.0004s ]
SQL: SHOW COLUMNS FROM `page` [ RunTime:0.0079s ]
INFO: [ view_parse ] --START--
INFO: [ template_filter ] --START--
INFO: Run Behavior\ContentReplaceBehavior [ RunTime:0.000031s ]
INFO: [ template_filter ] --END-- [ RunTime:0.000067s ]
NOTIC: [8] Undefined variable: session C:\web-php\tpblog\Application\Admin\View\nav.php 第 26 行.
INFO: Run Behavior\ParseTemplateBehavior [ RunTime:0.006410s ]
INFO: [ view_parse ] --END-- [ RunTime:0.006464s ]
INFO: [ view_filter ] --START--
INFO: Run Behavior\WriteHtmlCacheBehavior [ RunTime:0.000801s ]
INFO: [ view_filter ] --END-- [ RunTime:0.000829s ]
INFO: [ app_end ] --START--
INFO: Run Behavior\ShowPageTraceBehavior [ RunTime:0.000755s ]
INFO: [ app_end ] --END-- [ RunTime:0.000788s ]

[ 2017-07-05T21:12:41+08:00 ] 127.0.0.1 /index.php/Admin/Blog/upload.html
INFO: [ app_init ] --START--
INFO: Run Behavior\BuildLiteBehavior [ RunTime:0.000057s ]
INFO: [ app_init ] --END-- [ RunTime:0.000944s ]
INFO: [ app_begin ] --START--
INFO: Run Behavior\ReadHtmlCacheBehavior [ RunTime:0.003771s ]
INFO: [ app_begin ] --END-- [ RunTime:0.004126s ]
SQL: SHOW COLUMNS FROM `admin` [ RunTime:0.0152s ]
SQL: SELECT * FROM `admin` WHERE `aid` = 1 LIMIT 1   [ RunTime:0.0003s ]
NOTIC: [2] call_user_func() expects parameter 1 to be a valid callback, no array or string given C:\web-php\tpblog\ThinkPHP\Library\Think\Upload.class.php 第 170 行.
INFO: [ app_end ] --START--
INFO: Run Behavior\ShowPageTraceBehavior [ RunTime:0.000955s ]
INFO: [ app_end ] --END-- [ RunTime:0.001006s ]

[ 2017-07-05T21:13:03+08:00 ] 127.0.0.1 /index.php/Admin/Blog/save.html?pid=0
INFO: [ app_init ] --START--
INFO: Run Behavior\BuildLiteBehavior [ RunTime:0.000017s ]
INFO: [ app_init ] --END-- [ RunTime:0.000517s ]
INFO: [ app_begin ] --START--
INFO: Run Behavior\ReadHtmlCacheBehavior [ RunTime:0.000698s ]
INFO: [ app_begin ] --END-- [ RunTime:0.000734s ]
SQL: SHOW COLUMNS FROM `admin` [ RunTime:0.0096s ]
SQL: SELECT * FROM `admin` WHERE `aid` = 1 LIMIT 1   [ RunTime:0.0004s ]
SQL: SHOW COLUMNS FROM `page` [ RunTime:0.0072s ]
NOTIC: [8] Undefined index: auto C:\web-php\tpblog\ThinkPHP\Library\Think\Model.class.php 第 1128 行.
SQL: INSERT INTO `page` (`title`,`author`,`content`,`intime`) VALUES ('Div外边距','S','&lt;h1&gt;Div 外边距&lt;/h1&gt;&lt;p&gt;1、margin语法&lt;/p&gt;&lt;p&gt;Margin:10px&lt;/p&gt;&lt;p&gt;Margin的值是数字+html单位，同时也可以为auto（自动、自适应）&lt;/p&gt;&lt;p&gt;2、应用结构&lt;/p&gt;&lt;p&gt;Div{margin:10px}&lt;/p&gt;&lt;p&gt;设置div对象四边间距为10px&lt;/p&gt;&lt;p&gt;3、Margin说明&lt;/p&gt;&lt;p&gt;margin是设置对象外边距外延边距离。&lt;/p&gt;&lt;p&gt;margin的值有三种情况，可以为正整数和负整数并加单位如&lt;a href=&quot;http://www.divcss5.com/html/h89.shtml&quot;&gt;PX像素&lt;/a&gt;（margin-left:20px）；可以为auto自动属性(margin-left:auto 自动)；可以为百分比（%）值（margin-left:3%）。&lt;/p&gt;&lt;p&gt;Margin延伸（单独设置四边间距属性单词）&lt;/p&gt;&lt;p&gt;margin-left&amp;nbsp;对象左边外延边距 （margin-left:5px; 左边外延距离5px）&lt;/p&gt;&lt;p&gt;margin-right&amp;nbsp;对象右边外延边距 （margin-right:5px; 右边外延距离5px）&lt;/p&gt;&lt;p&gt;margin-top&amp;nbsp;对象上边外延边距 （margin-top:5px; 上边外延距离5px）&lt;/p&gt;&lt;p&gt;margin-bottom&amp;nbsp;对象下边外延边距 （margin-bottom:5px; 下边外延距离5px）&lt;/p&gt;&lt;p&gt;&amp;nbsp;&lt;/p&gt;&lt;p&gt;来自 &amp;lt;&lt;a href=&quot;http://www.divcss5.com/rumen/r128.shtml&quot;&gt;http://www.divcss5.com/rumen/r128.shtml&lt;/a&gt;&amp;gt;&lt;/p&gt;&lt;p&gt;&lt;img alt=&quot;index.php — C__web-php_tpblog — Atom 2017_6_29 19_49_50.png&quot; src=&quot;/Uploads/2017-07-05/595ce5c99232a.png&quot; width=&quot;700&quot; height=&quot;364.9479166666667&quot;&gt;&amp;nbsp;&lt;/p&gt;','1499260383') [ RunTime:0.0034s ]
INFO: [ view_parse ] --START--
INFO: [ template_filter ] --START--
INFO: Run Behavior\ContentReplaceBehavior [ RunTime:0.000029s ]
INFO: [ template_filter ] --END-- [ RunTime:0.000071s ]
INFO: Run Behavior\ParseTemplateBehavior [ RunTime:0.006675s ]
INFO: [ view_parse ] --END-- [ RunTime:0.006713s ]
INFO: [ view_filter ] --START--
INFO: Run Behavior\WriteHtmlCacheBehavior [ RunTime:0.000533s ]
INFO: [ view_filter ] --END-- [ RunTime:0.000559s ]
INFO: [ app_end ] --START--
INFO: Run Behavior\ShowPageTraceBehavior [ RunTime:0.000900s ]
INFO: [ app_end ] --END-- [ RunTime:0.000967s ]

[ 2017-07-05T21:13:04+08:00 ] 127.0.0.1 /Admin/Blog/index
INFO: [ app_init ] --START--
INFO: Run Behavior\BuildLiteBehavior [ RunTime:0.000010s ]
INFO: [ app_init ] --END-- [ RunTime:0.000384s ]
INFO: [ app_begin ] --START--
INFO: Run Behavior\ReadHtmlCacheBehavior [ RunTime:0.000769s ]
INFO: [ app_begin ] --END-- [ RunTime:0.000807s ]
SQL: SHOW COLUMNS FROM `admin` [ RunTime:0.0114s ]
SQL: SELECT * FROM `admin` WHERE `aid` = 1 LIMIT 1   [ RunTime:0.0003s ]
SQL: SHOW COLUMNS FROM `setting` [ RunTime:0.0062s ]
SQL: SELECT * FROM `setting`  [ RunTime:0.0002s ]
SQL: SHOW COLUMNS FROM `page` [ RunTime:0.0075s ]
SQL: SELECT COUNT(*) AS tp_count FROM `page` LIMIT 1   [ RunTime:0.0002s ]
SQL: SELECT * FROM `page` ORDER BY pid desc LIMIT 0,10   [ RunTime:0.0003s ]
INFO: [ view_parse ] --START--
INFO: [ template_filter ] --START--
INFO: Run Behavior\ContentReplaceBehavior [ RunTime:0.000031s ]
INFO: [ template_filter ] --END-- [ RunTime:0.000071s ]
NOTIC: [8] Undefined variable: session C:\web-php\tpblog\Application\Admin\View\nav.php 第 26 行.
INFO: Run Behavior\ParseTemplateBehavior [ RunTime:0.007186s ]
INFO: [ view_parse ] --END-- [ RunTime:0.007221s ]
INFO: [ view_filter ] --START--
INFO: Run Behavior\WriteHtmlCacheBehavior [ RunTime:0.000648s ]
INFO: [ view_filter ] --END-- [ RunTime:0.000677s ]
INFO: [ app_end ] --START--
INFO: Run Behavior\ShowPageTraceBehavior [ RunTime:0.000775s ]
INFO: [ app_end ] --END-- [ RunTime:0.000803s ]

